{"/Users/abq/Uber/tchannel/node/errors.js":{"path":"/Users/abq/Uber/tchannel/node/errors.js","s":{"1":1,"2":1,"3":1,"4":1,"5":1,"6":1,"7":1,"8":1,"9":1,"10":1,"11":1,"12":1,"13":1,"14":1,"15":1,"16":1,"17":1,"18":1,"19":1,"20":1,"21":1,"22":1,"23":1,"24":1,"25":1,"26":1,"27":1,"28":1,"29":1,"30":1,"31":1,"32":1,"33":1,"34":1,"35":1,"36":1,"37":1,"38":1,"39":1,"40":1,"41":1,"42":1,"43":1,"44":1,"45":1,"46":1,"47":1,"48":1,"49":1,"50":1,"51":1,"52":1,"53":1,"54":1,"55":1,"56":1,"57":1,"58":1,"59":1,"60":1,"61":1,"62":1,"63":1,"64":1,"65":1,"66":1,"67":1,"68":1,"69":1,"70":1,"71":1,"72":1,"73":1,"74":1,"75":1,"76":1,"77":1,"78":1,"79":1,"80":1,"81":1,"82":1,"83":1,"84":1,"85":1,"86":1,"87":1,"88":1,"89":3850,"90":1287,"91":2563,"92":1,"93":10,"94":38,"95":22,"96":31,"97":2429,"98":32,"99":0,"100":1,"101":1,"102":579},"b":{"1":[1287,2563],"2":[1,1,2,9,10,1,4,38,1,2,3,4,5,6,7,9,11,12,13,14,15,16,17,18,19,20,21,22,1,2,3,4,5,6,7,8,9,10,11,12,13,14,15,16,17,18,19,20,21,22,23,29,30,31,1,7,20,26,145,294,2429,1,2,3,4,5,6,8,10,11,12,13,14,15,16,17,18,23,26,27,28,29,30,31,32,0]},"f":{"1":3850,"2":579},"fnMap":{"1":{"name":"classify","line":617,"loc":{"start":{"line":617,"column":26},"end":{"line":617,"column":49}}},"2":{"name":"isUnhealthy","line":752,"loc":{"start":{"line":752,"column":29},"end":{"line":752,"column":56}}}},"statementMap":{"1":{"start":{"line":23,"column":0},"end":{"line":23,"column":40}},"2":{"start":{"line":24,"column":0},"end":{"line":24,"column":44}},"3":{"start":{"line":28,"column":0},"end":{"line":31,"column":3}},"4":{"start":{"line":33,"column":0},"end":{"line":38,"column":3}},"5":{"start":{"line":40,"column":0},"end":{"line":45,"column":3}},"6":{"start":{"line":47,"column":0},"end":{"line":52,"column":3}},"7":{"start":{"line":54,"column":0},"end":{"line":57,"column":3}},"8":{"start":{"line":59,"column":0},"end":{"line":62,"column":3}},"9":{"start":{"line":64,"column":0},"end":{"line":67,"column":3}},"10":{"start":{"line":69,"column":0},"end":{"line":72,"column":3}},"11":{"start":{"line":74,"column":0},"end":{"line":77,"column":3}},"12":{"start":{"line":79,"column":0},"end":{"line":82,"column":3}},"13":{"start":{"line":84,"column":0},"end":{"line":87,"column":3}},"14":{"start":{"line":89,"column":0},"end":{"line":92,"column":3}},"15":{"start":{"line":94,"column":0},"end":{"line":100,"column":3}},"16":{"start":{"line":102,"column":0},"end":{"line":107,"column":3}},"17":{"start":{"line":109,"column":0},"end":{"line":116,"column":3}},"18":{"start":{"line":118,"column":0},"end":{"line":126,"column":3}},"19":{"start":{"line":128,"column":0},"end":{"line":132,"column":3}},"20":{"start":{"line":134,"column":0},"end":{"line":142,"column":3}},"21":{"start":{"line":144,"column":0},"end":{"line":147,"column":3}},"22":{"start":{"line":149,"column":0},"end":{"line":152,"column":3}},"23":{"start":{"line":154,"column":0},"end":{"line":160,"column":3}},"24":{"start":{"line":162,"column":0},"end":{"line":167,"column":3}},"25":{"start":{"line":169,"column":0},"end":{"line":174,"column":3}},"26":{"start":{"line":176,"column":0},"end":{"line":181,"column":3}},"27":{"start":{"line":183,"column":0},"end":{"line":188,"column":3}},"28":{"start":{"line":190,"column":0},"end":{"line":194,"column":3}},"29":{"start":{"line":196,"column":0},"end":{"line":199,"column":3}},"30":{"start":{"line":201,"column":0},"end":{"line":206,"column":3}},"31":{"start":{"line":208,"column":0},"end":{"line":213,"column":3}},"32":{"start":{"line":215,"column":0},"end":{"line":219,"column":3}},"33":{"start":{"line":221,"column":0},"end":{"line":224,"column":3}},"34":{"start":{"line":226,"column":0},"end":{"line":233,"column":3}},"35":{"start":{"line":235,"column":0},"end":{"line":241,"column":3}},"36":{"start":{"line":243,"column":0},"end":{"line":249,"column":3}},"37":{"start":{"line":251,"column":0},"end":{"line":255,"column":3}},"38":{"start":{"line":257,"column":0},"end":{"line":266,"column":3}},"39":{"start":{"line":268,"column":0},"end":{"line":276,"column":3}},"40":{"start":{"line":278,"column":0},"end":{"line":287,"column":3}},"41":{"start":{"line":289,"column":0},"end":{"line":297,"column":3}},"42":{"start":{"line":299,"column":0},"end":{"line":302,"column":3}},"43":{"start":{"line":304,"column":0},"end":{"line":308,"column":3}},"44":{"start":{"line":310,"column":0},"end":{"line":315,"column":3}},"45":{"start":{"line":317,"column":0},"end":{"line":321,"column":3}},"46":{"start":{"line":323,"column":0},"end":{"line":326,"column":3}},"47":{"start":{"line":328,"column":0},"end":{"line":332,"column":3}},"48":{"start":{"line":334,"column":0},"end":{"line":339,"column":3}},"49":{"start":{"line":341,"column":0},"end":{"line":345,"column":3}},"50":{"start":{"line":347,"column":0},"end":{"line":351,"column":3}},"51":{"start":{"line":353,"column":0},"end":{"line":356,"column":3}},"52":{"start":{"line":358,"column":0},"end":{"line":361,"column":3}},"53":{"start":{"line":363,"column":0},"end":{"line":371,"column":3}},"54":{"start":{"line":373,"column":0},"end":{"line":377,"column":3}},"55":{"start":{"line":379,"column":0},"end":{"line":383,"column":3}},"56":{"start":{"line":385,"column":0},"end":{"line":390,"column":3}},"57":{"start":{"line":392,"column":0},"end":{"line":396,"column":3}},"58":{"start":{"line":398,"column":0},"end":{"line":407,"column":3}},"59":{"start":{"line":409,"column":0},"end":{"line":415,"column":3}},"60":{"start":{"line":417,"column":0},"end":{"line":421,"column":3}},"61":{"start":{"line":423,"column":0},"end":{"line":428,"column":3}},"62":{"start":{"line":430,"column":0},"end":{"line":433,"column":3}},"63":{"start":{"line":435,"column":0},"end":{"line":438,"column":3}},"64":{"start":{"line":440,"column":0},"end":{"line":443,"column":3}},"65":{"start":{"line":445,"column":0},"end":{"line":448,"column":3}},"66":{"start":{"line":450,"column":0},"end":{"line":454,"column":3}},"67":{"start":{"line":456,"column":0},"end":{"line":462,"column":3}},"68":{"start":{"line":464,"column":0},"end":{"line":467,"column":3}},"69":{"start":{"line":469,"column":0},"end":{"line":472,"column":3}},"70":{"start":{"line":474,"column":0},"end":{"line":477,"column":3}},"71":{"start":{"line":479,"column":0},"end":{"line":484,"column":3}},"72":{"start":{"line":486,"column":0},"end":{"line":489,"column":3}},"73":{"start":{"line":491,"column":0},"end":{"line":496,"column":3}},"74":{"start":{"line":498,"column":0},"end":{"line":502,"column":3}},"75":{"start":{"line":504,"column":0},"end":{"line":509,"column":3}},"76":{"start":{"line":511,"column":0},"end":{"line":522,"column":3}},"77":{"start":{"line":524,"column":0},"end":{"line":533,"column":3}},"78":{"start":{"line":535,"column":0},"end":{"line":546,"column":3}},"79":{"start":{"line":548,"column":0},"end":{"line":557,"column":3}},"80":{"start":{"line":559,"column":0},"end":{"line":566,"column":3}},"81":{"start":{"line":568,"column":0},"end":{"line":572,"column":3}},"82":{"start":{"line":574,"column":0},"end":{"line":578,"column":3}},"83":{"start":{"line":580,"column":0},"end":{"line":587,"column":3}},"84":{"start":{"line":589,"column":0},"end":{"line":594,"column":3}},"85":{"start":{"line":596,"column":0},"end":{"line":601,"column":3}},"86":{"start":{"line":603,"column":0},"end":{"line":608,"column":3}},"87":{"start":{"line":610,"column":0},"end":{"line":613,"column":3}},"88":{"start":{"line":617,"column":0},"end":{"line":735,"column":2}},"89":{"start":{"line":618,"column":4},"end":{"line":620,"column":5}},"90":{"start":{"line":619,"column":8},"end":{"line":619,"column":28}},"91":{"start":{"line":622,"column":4},"end":{"line":734,"column":5}},"92":{"start":{"line":624,"column":12},"end":{"line":624,"column":31}},"93":{"start":{"line":630,"column":12},"end":{"line":630,"column":30}},"94":{"start":{"line":635,"column":12},"end":{"line":635,"column":29}},"95":{"start":{"line":657,"column":12},"end":{"line":657,"column":32}},"96":{"start":{"line":695,"column":12},"end":{"line":695,"column":35}},"97":{"start":{"line":704,"column":12},"end":{"line":704,"column":34}},"98":{"start":{"line":730,"column":12},"end":{"line":730,"column":37}},"99":{"start":{"line":733,"column":12},"end":{"line":733,"column":24}},"100":{"start":{"line":740,"column":0},"end":{"line":750,"column":2}},"101":{"start":{"line":752,"column":0},"end":{"line":754,"column":2}},"102":{"start":{"line":753,"column":4},"end":{"line":753,"column":26}}},"branchMap":{"1":{"line":618,"type":"if","locations":[{"start":{"line":618,"column":4},"end":{"line":618,"column":4}},{"start":{"line":618,"column":4},"end":{"line":618,"column":4}}]},"2":{"line":622,"type":"switch","locations":[{"start":{"line":623,"column":8},"end":{"line":624,"column":31}},{"start":{"line":626,"column":8},"end":{"line":626,"column":36}},{"start":{"line":627,"column":8},"end":{"line":627,"column":48}},{"start":{"line":628,"column":8},"end":{"line":628,"column":42}},{"start":{"line":629,"column":8},"end":{"line":630,"column":30}},{"start":{"line":632,"column":8},"end":{"line":632,"column":49}},{"start":{"line":633,"column":8},"end":{"line":633,"column":43}},{"start":{"line":634,"column":8},"end":{"line":635,"column":29}},{"start":{"line":637,"column":8},"end":{"line":637,"column":50}},{"start":{"line":638,"column":8},"end":{"line":638,"column":61}},{"start":{"line":639,"column":8},"end":{"line":639,"column":61}},{"start":{"line":640,"column":8},"end":{"line":640,"column":63}},{"start":{"line":641,"column":8},"end":{"line":641,"column":63}},{"start":{"line":642,"column":8},"end":{"line":642,"column":38}},{"start":{"line":643,"column":8},"end":{"line":643,"column":47}},{"start":{"line":644,"column":8},"end":{"line":644,"column":40}},{"start":{"line":645,"column":8},"end":{"line":645,"column":47}},{"start":{"line":646,"column":8},"end":{"line":646,"column":55}},{"start":{"line":647,"column":8},"end":{"line":647,"column":51}},{"start":{"line":648,"column":8},"end":{"line":648,"column":33}},{"start":{"line":649,"column":8},"end":{"line":649,"column":45}},{"start":{"line":650,"column":8},"end":{"line":650,"column":64}},{"start":{"line":651,"column":8},"end":{"line":651,"column":64}},{"start":{"line":652,"column":8},"end":{"line":652,"column":63}},{"start":{"line":653,"column":8},"end":{"line":653,"column":63}},{"start":{"line":654,"column":8},"end":{"line":654,"column":33}},{"start":{"line":655,"column":8},"end":{"line":655,"column":45}},{"start":{"line":656,"column":8},"end":{"line":657,"column":32}},{"start":{"line":659,"column":8},"end":{"line":659,"column":43}},{"start":{"line":660,"column":8},"end":{"line":660,"column":48}},{"start":{"line":665,"column":8},"end":{"line":665,"column":49}},{"start":{"line":669,"column":8},"end":{"line":669,"column":50}},{"start":{"line":672,"column":8},"end":{"line":672,"column":57}},{"start":{"line":673,"column":8},"end":{"line":673,"column":58}},{"start":{"line":675,"column":8},"end":{"line":675,"column":62}},{"start":{"line":676,"column":8},"end":{"line":676,"column":67}},{"start":{"line":677,"column":8},"end":{"line":677,"column":64}},{"start":{"line":678,"column":8},"end":{"line":678,"column":69}},{"start":{"line":679,"column":8},"end":{"line":679,"column":52}},{"start":{"line":680,"column":8},"end":{"line":680,"column":53}},{"start":{"line":681,"column":8},"end":{"line":681,"column":53}},{"start":{"line":682,"column":8},"end":{"line":682,"column":66}},{"start":{"line":683,"column":8},"end":{"line":683,"column":71}},{"start":{"line":684,"column":8},"end":{"line":684,"column":67}},{"start":{"line":685,"column":8},"end":{"line":685,"column":72}},{"start":{"line":686,"column":8},"end":{"line":686,"column":43}},{"start":{"line":687,"column":8},"end":{"line":687,"column":43}},{"start":{"line":688,"column":8},"end":{"line":688,"column":44}},{"start":{"line":689,"column":8},"end":{"line":689,"column":45}},{"start":{"line":690,"column":8},"end":{"line":690,"column":45}},{"start":{"line":691,"column":8},"end":{"line":691,"column":50}},{"start":{"line":692,"column":8},"end":{"line":692,"column":46}},{"start":{"line":693,"column":8},"end":{"line":693,"column":50}},{"start":{"line":694,"column":8},"end":{"line":695,"column":35}},{"start":{"line":697,"column":8},"end":{"line":697,"column":41}},{"start":{"line":698,"column":8},"end":{"line":698,"column":41}},{"start":{"line":699,"column":8},"end":{"line":699,"column":34}},{"start":{"line":700,"column":8},"end":{"line":700,"column":36}},{"start":{"line":701,"column":8},"end":{"line":701,"column":31}},{"start":{"line":702,"column":8},"end":{"line":702,"column":38}},{"start":{"line":703,"column":8},"end":{"line":704,"column":34}},{"start":{"line":706,"column":8},"end":{"line":706,"column":65}},{"start":{"line":707,"column":8},"end":{"line":707,"column":65}},{"start":{"line":708,"column":8},"end":{"line":708,"column":67}},{"start":{"line":709,"column":8},"end":{"line":709,"column":67}},{"start":{"line":710,"column":8},"end":{"line":710,"column":63}},{"start":{"line":711,"column":8},"end":{"line":711,"column":49}},{"start":{"line":712,"column":8},"end":{"line":712,"column":64}},{"start":{"line":713,"column":8},"end":{"line":713,"column":64}},{"start":{"line":714,"column":8},"end":{"line":714,"column":65}},{"start":{"line":715,"column":8},"end":{"line":715,"column":65}},{"start":{"line":716,"column":8},"end":{"line":716,"column":52}},{"start":{"line":717,"column":8},"end":{"line":717,"column":41}},{"start":{"line":718,"column":8},"end":{"line":718,"column":40}},{"start":{"line":719,"column":8},"end":{"line":719,"column":57}},{"start":{"line":720,"column":8},"end":{"line":720,"column":44}},{"start":{"line":721,"column":8},"end":{"line":721,"column":49}},{"start":{"line":722,"column":8},"end":{"line":722,"column":46}},{"start":{"line":723,"column":8},"end":{"line":723,"column":49}},{"start":{"line":724,"column":8},"end":{"line":724,"column":45}},{"start":{"line":725,"column":8},"end":{"line":725,"column":45}},{"start":{"line":726,"column":8},"end":{"line":726,"column":43}},{"start":{"line":727,"column":8},"end":{"line":727,"column":42}},{"start":{"line":728,"column":8},"end":{"line":728,"column":47}},{"start":{"line":729,"column":8},"end":{"line":730,"column":37}},{"start":{"line":732,"column":8},"end":{"line":733,"column":24}}]}}},"/Users/abq/Uber/tchannel/node/lib/event_emitter.js":{"path":"/Users/abq/Uber/tchannel/node/lib/event_emitter.js","s":{"1":1,"2":1,"3":1,"4":87726,"5":22499,"6":87726,"7":1,"8":772,"9":772,"10":1,"11":785,"12":1,"13":131,"14":131,"15":130,"16":1,"17":1,"18":1,"19":2,"20":1,"21":1,"22":1,"23":1,"24":1,"25":0,"26":0,"27":1,"28":5,"29":1,"30":87726,"31":87726,"32":87726,"33":87726,"34":1,"35":98624,"36":27689,"37":70935,"38":2719,"39":2719,"40":5670,"41":68216,"42":1,"43":1,"44":64764,"45":695,"46":64069,"47":7868,"48":7868,"49":56201,"50":1,"51":9422,"52":4777,"53":4280,"54":4645,"55":2914,"56":2914,"57":20972,"58":18058,"59":2914,"60":2221,"61":2914,"62":1,"63":0,"64":0,"65":1,"66":1,"67":0,"68":1,"69":1},"b":{"1":[22499,65227],"2":[87726,87726],"3":[130,1],"4":[131,130],"5":[1,0],"6":[1,1],"7":[1,0],"8":[27689,70935],"9":[2719,68216],"10":[1,68215],"11":[695,64069],"12":[7868,56201],"13":[4777,4645],"14":[4280,497],"15":[2914,1731],"16":[18058,2914],"17":[2221,693],"18":[0,1]},"f":{"1":25838,"2":87726,"3":772,"4":785,"5":131,"6":0,"7":5,"8":87726,"9":98624,"10":64764,"11":9422,"12":0,"13":1},"fnMap":{"1":{"name":"EventEmitter","line":25,"loc":{"start":{"line":25,"column":0},"end":{"line":25,"column":24}}},"2":{"name":"defineEvent","line":29,"loc":{"start":{"line":29,"column":0},"end":{"line":29,"column":44}}},"3":{"name":"addListener","line":38,"loc":{"start":{"line":38,"column":0},"end":{"line":38,"column":37}}},"4":{"name":"listenerCompatShim","line":41,"loc":{"start":{"line":41,"column":4},"end":{"line":41,"column":43}}},"5":{"name":"removeListener","line":47,"loc":{"start":{"line":47,"column":0},"end":{"line":47,"column":40}}},"6":{"name":"removeAllListeners","line":66,"loc":{"start":{"line":66,"column":0},"end":{"line":66,"column":34}}},"7":{"name":"emit","line":72,"loc":{"start":{"line":72,"column":0},"end":{"line":72,"column":25}}},"8":{"name":"DefinedEvent","line":76,"loc":{"start":{"line":76,"column":0},"end":{"line":76,"column":45}}},"9":{"name":"emit","line":84,"loc":{"start":{"line":84,"column":0},"end":{"line":84,"column":25}}},"10":{"name":"addListener","line":99,"loc":{"start":{"line":99,"column":0},"end":{"line":99,"column":31}}},"11":{"name":"removeListener","line":111,"loc":{"start":{"line":111,"column":0},"end":{"line":111,"column":34}}},"12":{"name":"removeAllListeners","line":131,"loc":{"start":{"line":131,"column":0},"end":{"line":131,"column":30}}},"13":{"name":"defaultErrorListener","line":136,"loc":{"start":{"line":136,"column":0},"end":{"line":136,"column":35}}}},"statementMap":{"1":{"start":{"line":23,"column":0},"end":{"line":23,"column":31}},"2":{"start":{"line":25,"column":0},"end":{"line":26,"column":1}},"3":{"start":{"line":28,"column":0},"end":{"line":34,"column":2}},"4":{"start":{"line":30,"column":4},"end":{"line":32,"column":5}},"5":{"start":{"line":31,"column":8},"end":{"line":31,"column":47}},"6":{"start":{"line":33,"column":4},"end":{"line":33,"column":51}},"7":{"start":{"line":36,"column":0},"end":{"line":44,"column":2}},"8":{"start":{"line":39,"column":4},"end":{"line":39,"column":57}},"9":{"start":{"line":40,"column":4},"end":{"line":40,"column":43}},"10":{"start":{"line":41,"column":4},"end":{"line":43,"column":5}},"11":{"start":{"line":42,"column":8},"end":{"line":42,"column":33}},"12":{"start":{"line":46,"column":0},"end":{"line":63,"column":2}},"13":{"start":{"line":48,"column":4},"end":{"line":48,"column":35}},"14":{"start":{"line":49,"column":4},"end":{"line":62,"column":5}},"15":{"start":{"line":50,"column":8},"end":{"line":50,"column":28}},"16":{"start":{"line":51,"column":11},"end":{"line":62,"column":5}},"17":{"start":{"line":52,"column":8},"end":{"line":52,"column":27}},"18":{"start":{"line":53,"column":8},"end":{"line":57,"column":9}},"19":{"start":{"line":54,"column":12},"end":{"line":56,"column":13}},"20":{"start":{"line":55,"column":16},"end":{"line":55,"column":49}},"21":{"start":{"line":58,"column":8},"end":{"line":60,"column":9}},"22":{"start":{"line":59,"column":12},"end":{"line":59,"column":43}},"23":{"start":{"line":61,"column":8},"end":{"line":61,"column":34}},"24":{"start":{"line":65,"column":0},"end":{"line":69,"column":2}},"25":{"start":{"line":67,"column":4},"end":{"line":67,"column":81}},"26":{"start":{"line":68,"column":4},"end":{"line":68,"column":46}},"27":{"start":{"line":71,"column":0},"end":{"line":74,"column":2}},"28":{"start":{"line":73,"column":4},"end":{"line":73,"column":41}},"29":{"start":{"line":76,"column":0},"end":{"line":81,"column":1}},"30":{"start":{"line":77,"column":4},"end":{"line":77,"column":21}},"31":{"start":{"line":78,"column":4},"end":{"line":78,"column":43}},"32":{"start":{"line":79,"column":4},"end":{"line":79,"column":25}},"33":{"start":{"line":80,"column":4},"end":{"line":80,"column":24}},"34":{"start":{"line":83,"column":0},"end":{"line":95,"column":2}},"35":{"start":{"line":85,"column":4},"end":{"line":94,"column":5}},"36":{"start":{"line":86,"column":8},"end":{"line":86,"column":33}},"37":{"start":{"line":87,"column":11},"end":{"line":94,"column":5}},"38":{"start":{"line":88,"column":8},"end":{"line":88,"column":39}},"39":{"start":{"line":89,"column":8},"end":{"line":91,"column":9}},"40":{"start":{"line":90,"column":12},"end":{"line":90,"column":36}},"41":{"start":{"line":92,"column":11},"end":{"line":94,"column":5}},"42":{"start":{"line":93,"column":8},"end":{"line":93,"column":40}},"43":{"start":{"line":97,"column":0},"end":{"line":108,"column":2}},"44":{"start":{"line":100,"column":4},"end":{"line":107,"column":5}},"45":{"start":{"line":101,"column":8},"end":{"line":101,"column":38}},"46":{"start":{"line":102,"column":11},"end":{"line":107,"column":5}},"47":{"start":{"line":103,"column":8},"end":{"line":103,"column":53}},"48":{"start":{"line":104,"column":8},"end":{"line":104,"column":29}},"49":{"start":{"line":106,"column":8},"end":{"line":106,"column":33}},"50":{"start":{"line":110,"column":0},"end":{"line":128,"column":2}},"51":{"start":{"line":112,"column":4},"end":{"line":127,"column":5}},"52":{"start":{"line":113,"column":8},"end":{"line":115,"column":9}},"53":{"start":{"line":114,"column":12},"end":{"line":114,"column":33}},"54":{"start":{"line":116,"column":11},"end":{"line":127,"column":5}},"55":{"start":{"line":117,"column":8},"end":{"line":117,"column":27}},"56":{"start":{"line":118,"column":8},"end":{"line":122,"column":9}},"57":{"start":{"line":119,"column":12},"end":{"line":121,"column":13}},"58":{"start":{"line":120,"column":16},"end":{"line":120,"column":50}},"59":{"start":{"line":123,"column":8},"end":{"line":125,"column":9}},"60":{"start":{"line":124,"column":12},"end":{"line":124,"column":44}},"61":{"start":{"line":126,"column":8},"end":{"line":126,"column":35}},"62":{"start":{"line":130,"column":0},"end":{"line":134,"column":2}},"63":{"start":{"line":132,"column":4},"end":{"line":132,"column":25}},"64":{"start":{"line":133,"column":4},"end":{"line":133,"column":24}},"65":{"start":{"line":136,"column":0},"end":{"line":141,"column":1}},"66":{"start":{"line":137,"column":4},"end":{"line":139,"column":5}},"67":{"start":{"line":138,"column":8},"end":{"line":138,"column":68}},"68":{"start":{"line":140,"column":4},"end":{"line":140,"column":14}},"69":{"start":{"line":143,"column":0},"end":{"line":143,"column":30}}},"branchMap":{"1":{"line":30,"type":"if","locations":[{"start":{"line":30,"column":4},"end":{"line":30,"column":4}},{"start":{"line":30,"column":4},"end":{"line":30,"column":4}}]},"2":{"line":30,"type":"binary-expr","locations":[{"start":{"line":30,"column":8},"end":{"line":30,"column":24}},{"start":{"line":30,"column":28},"end":{"line":30,"column":44}}]},"3":{"line":49,"type":"if","locations":[{"start":{"line":49,"column":4},"end":{"line":49,"column":4}},{"start":{"line":49,"column":4},"end":{"line":49,"column":4}}]},"4":{"line":49,"type":"binary-expr","locations":[{"start":{"line":49,"column":8},"end":{"line":49,"column":20}},{"start":{"line":49,"column":24},"end":{"line":49,"column":58}}]},"5":{"line":51,"type":"if","locations":[{"start":{"line":51,"column":11},"end":{"line":51,"column":11}},{"start":{"line":51,"column":11},"end":{"line":51,"column":11}}]},"6":{"line":54,"type":"if","locations":[{"start":{"line":54,"column":12},"end":{"line":54,"column":12}},{"start":{"line":54,"column":12},"end":{"line":54,"column":12}}]},"7":{"line":58,"type":"if","locations":[{"start":{"line":58,"column":8},"end":{"line":58,"column":8}},{"start":{"line":58,"column":8},"end":{"line":58,"column":8}}]},"8":{"line":85,"type":"if","locations":[{"start":{"line":85,"column":4},"end":{"line":85,"column":4}},{"start":{"line":85,"column":4},"end":{"line":85,"column":4}}]},"9":{"line":87,"type":"if","locations":[{"start":{"line":87,"column":11},"end":{"line":87,"column":11}},{"start":{"line":87,"column":11},"end":{"line":87,"column":11}}]},"10":{"line":92,"type":"if","locations":[{"start":{"line":92,"column":11},"end":{"line":92,"column":11}},{"start":{"line":92,"column":11},"end":{"line":92,"column":11}}]},"11":{"line":100,"type":"if","locations":[{"start":{"line":100,"column":4},"end":{"line":100,"column":4}},{"start":{"line":100,"column":4},"end":{"line":100,"column":4}}]},"12":{"line":102,"type":"if","locations":[{"start":{"line":102,"column":11},"end":{"line":102,"column":11}},{"start":{"line":102,"column":11},"end":{"line":102,"column":11}}]},"13":{"line":112,"type":"if","locations":[{"start":{"line":112,"column":4},"end":{"line":112,"column":4}},{"start":{"line":112,"column":4},"end":{"line":112,"column":4}}]},"14":{"line":113,"type":"if","locations":[{"start":{"line":113,"column":8},"end":{"line":113,"column":8}},{"start":{"line":113,"column":8},"end":{"line":113,"column":8}}]},"15":{"line":116,"type":"if","locations":[{"start":{"line":116,"column":11},"end":{"line":116,"column":11}},{"start":{"line":116,"column":11},"end":{"line":116,"column":11}}]},"16":{"line":119,"type":"if","locations":[{"start":{"line":119,"column":12},"end":{"line":119,"column":12}},{"start":{"line":119,"column":12},"end":{"line":119,"column":12}}]},"17":{"line":123,"type":"if","locations":[{"start":{"line":123,"column":8},"end":{"line":123,"column":8}},{"start":{"line":123,"column":8},"end":{"line":123,"column":8}}]},"18":{"line":137,"type":"if","locations":[{"start":{"line":137,"column":4},"end":{"line":137,"column":4}},{"start":{"line":137,"column":4},"end":{"line":137,"column":4}}]}}},"/Users/abq/Uber/tchannel/node/argstream.js":{"path":"/Users/abq/Uber/tchannel/node/argstream.js","s":{"1":1,"2":1,"3":1,"4":1,"5":1,"6":1,"7":1108,"8":1108,"9":1108,"10":1108,"11":1108,"12":1108,"13":1108,"14":1108,"15":1108,"16":1,"17":0,"18":1108,"19":917,"20":1,"21":1,"22":1,"23":475,"24":205,"25":270,"26":270,"27":270,"28":270,"29":270,"30":270,"31":270,"32":270,"33":1,"34":535,"35":267,"36":267,"37":1,"38":1,"39":714,"40":714,"41":714,"42":0,"43":714,"44":982,"45":268,"46":982,"47":0,"48":982,"49":870,"50":714,"51":0,"52":714,"53":267,"54":267,"55":714,"56":1,"57":535,"58":535,"59":535,"60":535,"61":1,"62":1611,"63":773,"64":838,"65":838,"66":838,"67":838,"68":838,"69":838,"70":838,"71":1111,"72":838,"73":1196,"74":838,"75":838,"76":838,"77":838,"78":837,"79":837,"80":837,"81":837,"82":1,"83":1,"84":3982,"85":3982,"86":0,"87":3982,"88":0,"89":0,"90":0,"91":0,"92":3982,"93":1675,"94":838,"95":2307,"96":3982,"97":1,"98":2307,"99":2307,"100":2307,"101":2307,"102":826,"103":1481,"104":1,"105":4751,"106":4751,"107":1003,"108":166,"109":1,"110":1003,"111":1003,"112":1003,"113":1003,"114":1003,"115":0,"116":1003,"117":1003,"118":1003,"119":1003,"120":1003,"121":1,"122":4432,"123":2216,"124":2216,"125":2216,"126":2216,"127":2216,"128":2216,"129":1,"130":1,"131":3239,"132":3239,"133":1828,"134":1828,"135":3239,"136":1,"137":6,"138":6,"139":6,"140":6,"141":1,"142":6,"143":6,"144":6,"145":6,"146":1,"147":22,"148":1,"149":6,"150":6,"151":6,"152":6,"153":6,"154":6,"155":6,"156":6,"157":1,"158":1},"b":{"1":[1,916],"2":[205,270],"3":[267,268],"4":[535,267],"5":[0,714],"6":[268,714],"7":[0,982],"8":[870,112],"9":[0,714],"10":[267,447],"11":[535,0],"12":[773,838],"13":[837,1],"14":[0,3982],"15":[0,3982],"16":[0,0],"17":[1675,2307],"18":[838,837],"19":[826,1481],"20":[1003,3748],"21":[1003,0],"22":[0,1003],"23":[1003,0],"24":[2216,2216],"25":[1828,1411],"26":[6,0]},"f":{"1":1108,"2":0,"3":917,"4":475,"5":535,"6":714,"7":535,"8":1611,"9":1111,"10":1196,"11":838,"12":838,"13":3982,"14":2307,"15":4751,"16":166,"17":1003,"18":4432,"19":3239,"20":6,"21":6,"22":22,"23":6},"fnMap":{"1":{"name":"ArgStream","line":45,"loc":{"start":{"line":45,"column":0},"end":{"line":45,"column":21}}},"2":{"name":"passError","line":57,"loc":{"start":{"line":57,"column":4},"end":{"line":57,"column":28}}},"3":{"name":"onArg3Start","line":61,"loc":{"start":{"line":61,"column":26},"end":{"line":61,"column":49}}},"4":{"name":"InArgStream","line":68,"loc":{"start":{"line":68,"column":0},"end":{"line":68,"column":23}}},"5":{"name":"argFinished","line":80,"loc":{"start":{"line":80,"column":4},"end":{"line":80,"column":27}}},"6":{"name":"handleFrame","line":90,"loc":{"start":{"line":90,"column":36},"end":{"line":90,"column":72}}},"7":{"name":"advance","line":114,"loc":{"start":{"line":114,"column":4},"end":{"line":114,"column":23}}},"8":{"name":"OutArgStream","line":123,"loc":{"start":{"line":123,"column":0},"end":{"line":123,"column":24}}},"9":{"name":"onArg2Data","line":133,"loc":{"start":{"line":133,"column":25},"end":{"line":133,"column":52}}},"10":{"name":"onArg3Data","line":136,"loc":{"start":{"line":136,"column":25},"end":{"line":136,"column":52}}},"11":{"name":"onArg2Finish","line":140,"loc":{"start":{"line":140,"column":27},"end":{"line":140,"column":51}}},"12":{"name":"onArg3Finish","line":143,"loc":{"start":{"line":143,"column":27},"end":{"line":143,"column":51}}},"13":{"name":"_handleFrameChunk","line":155,"loc":{"start":{"line":155,"column":43},"end":{"line":155,"column":80}}},"14":{"name":"_appendFrameChunk","line":181,"loc":{"start":{"line":181,"column":43},"end":{"line":181,"column":77}}},"15":{"name":"deferFlushParts","line":192,"loc":{"start":{"line":192,"column":41},"end":{"line":192,"column":68}}},"16":{"name":"(anonymous_16)","line":195,"loc":{"start":{"line":195,"column":40},"end":{"line":195,"column":51}}},"17":{"name":"_flushParts","line":201,"loc":{"start":{"line":201,"column":37},"end":{"line":201,"column":66}}},"18":{"name":"StreamArg","line":214,"loc":{"start":{"line":214,"column":0},"end":{"line":214,"column":28}}},"19":{"name":"_write","line":226,"loc":{"start":{"line":226,"column":29},"end":{"line":226,"column":72}}},"20":{"name":"onValueReady","line":235,"loc":{"start":{"line":235,"column":35},"end":{"line":235,"column":67}}},"21":{"name":"bufferStreamData","line":242,"loc":{"start":{"line":242,"column":0},"end":{"line":242,"column":44}}},"22":{"name":"onData","line":247,"loc":{"start":{"line":247,"column":4},"end":{"line":247,"column":27}}},"23":{"name":"finish","line":250,"loc":{"start":{"line":250,"column":4},"end":{"line":250,"column":25}}}},"statementMap":{"1":{"start":{"line":39,"column":0},"end":{"line":39,"column":40}},"2":{"start":{"line":40,"column":0},"end":{"line":40,"column":50}},"3":{"start":{"line":41,"column":0},"end":{"line":41,"column":48}},"4":{"start":{"line":42,"column":0},"end":{"line":42,"column":36}},"5":{"start":{"line":43,"column":0},"end":{"line":43,"column":33}},"6":{"start":{"line":45,"column":0},"end":{"line":64,"column":1}},"7":{"start":{"line":46,"column":4},"end":{"line":46,"column":20}},"8":{"start":{"line":47,"column":4},"end":{"line":47,"column":28}},"9":{"start":{"line":48,"column":4},"end":{"line":48,"column":48}},"10":{"start":{"line":49,"column":4},"end":{"line":49,"column":48}},"11":{"start":{"line":50,"column":4},"end":{"line":50,"column":50}},"12":{"start":{"line":52,"column":4},"end":{"line":52,"column":28}},"13":{"start":{"line":53,"column":4},"end":{"line":53,"column":28}},"14":{"start":{"line":55,"column":4},"end":{"line":55,"column":37}},"15":{"start":{"line":56,"column":4},"end":{"line":56,"column":37}},"16":{"start":{"line":57,"column":4},"end":{"line":59,"column":5}},"17":{"start":{"line":58,"column":8},"end":{"line":58,"column":40}},"18":{"start":{"line":61,"column":4},"end":{"line":63,"column":7}},"19":{"start":{"line":62,"column":8},"end":{"line":62,"column":61}},"20":{"start":{"line":62,"column":45},"end":{"line":62,"column":61}},"21":{"start":{"line":66,"column":0},"end":{"line":66,"column":34}},"22":{"start":{"line":68,"column":0},"end":{"line":86,"column":1}},"23":{"start":{"line":69,"column":4},"end":{"line":71,"column":5}},"24":{"start":{"line":70,"column":8},"end":{"line":70,"column":33}},"25":{"start":{"line":72,"column":4},"end":{"line":72,"column":20}},"26":{"start":{"line":73,"column":4},"end":{"line":73,"column":25}},"27":{"start":{"line":74,"column":4},"end":{"line":74,"column":42}},"28":{"start":{"line":75,"column":4},"end":{"line":75,"column":22}},"29":{"start":{"line":76,"column":4},"end":{"line":76,"column":26}},"30":{"start":{"line":77,"column":4},"end":{"line":77,"column":26}},"31":{"start":{"line":78,"column":4},"end":{"line":78,"column":40}},"32":{"start":{"line":79,"column":4},"end":{"line":79,"column":40}},"33":{"start":{"line":80,"column":4},"end":{"line":85,"column":5}},"34":{"start":{"line":81,"column":8},"end":{"line":84,"column":9}},"35":{"start":{"line":82,"column":12},"end":{"line":82,"column":33}},"36":{"start":{"line":83,"column":12},"end":{"line":83,"column":40}},"37":{"start":{"line":88,"column":0},"end":{"line":88,"column":33}},"38":{"start":{"line":90,"column":0},"end":{"line":121,"column":2}},"39":{"start":{"line":91,"column":4},"end":{"line":91,"column":20}},"40":{"start":{"line":92,"column":4},"end":{"line":92,"column":45}},"41":{"start":{"line":94,"column":4},"end":{"line":97,"column":5}},"42":{"start":{"line":96,"column":8},"end":{"line":96,"column":47}},"43":{"start":{"line":99,"column":4},"end":{"line":103,"column":5}},"44":{"start":{"line":100,"column":8},"end":{"line":100,"column":38}},"45":{"start":{"line":100,"column":19},"end":{"line":100,"column":38}},"46":{"start":{"line":101,"column":8},"end":{"line":101,"column":27}},"47":{"start":{"line":101,"column":21},"end":{"line":101,"column":27}},"48":{"start":{"line":102,"column":8},"end":{"line":102,"column":52}},"49":{"start":{"line":102,"column":29},"end":{"line":102,"column":52}},"50":{"start":{"line":104,"column":4},"end":{"line":106,"column":5}},"51":{"start":{"line":105,"column":8},"end":{"line":105,"column":57}},"52":{"start":{"line":108,"column":4},"end":{"line":110,"column":5}},"53":{"start":{"line":109,"column":8},"end":{"line":109,"column":42}},"54":{"start":{"line":109,"column":23},"end":{"line":109,"column":42}},"55":{"start":{"line":112,"column":4},"end":{"line":112,"column":16}},"56":{"start":{"line":114,"column":4},"end":{"line":120,"column":5}},"57":{"start":{"line":115,"column":8},"end":{"line":118,"column":9}},"58":{"start":{"line":116,"column":12},"end":{"line":116,"column":46}},"59":{"start":{"line":117,"column":12},"end":{"line":117,"column":28}},"60":{"start":{"line":119,"column":8},"end":{"line":119,"column":43}},"61":{"start":{"line":123,"column":0},"end":{"line":151,"column":1}},"62":{"start":{"line":124,"column":4},"end":{"line":126,"column":5}},"63":{"start":{"line":125,"column":8},"end":{"line":125,"column":34}},"64":{"start":{"line":127,"column":4},"end":{"line":127,"column":20}},"65":{"start":{"line":128,"column":4},"end":{"line":128,"column":25}},"66":{"start":{"line":129,"column":4},"end":{"line":129,"column":28}},"67":{"start":{"line":130,"column":4},"end":{"line":130,"column":26}},"68":{"start":{"line":131,"column":4},"end":{"line":131,"column":29}},"69":{"start":{"line":132,"column":4},"end":{"line":132,"column":25}},"70":{"start":{"line":133,"column":4},"end":{"line":135,"column":7}},"71":{"start":{"line":134,"column":8},"end":{"line":134,"column":41}},"72":{"start":{"line":136,"column":4},"end":{"line":138,"column":7}},"73":{"start":{"line":137,"column":8},"end":{"line":137,"column":41}},"74":{"start":{"line":140,"column":4},"end":{"line":142,"column":7}},"75":{"start":{"line":141,"column":8},"end":{"line":141,"column":40}},"76":{"start":{"line":143,"column":4},"end":{"line":150,"column":7}},"77":{"start":{"line":144,"column":8},"end":{"line":149,"column":9}},"78":{"start":{"line":145,"column":12},"end":{"line":145,"column":44}},"79":{"start":{"line":146,"column":12},"end":{"line":146,"column":35}},"80":{"start":{"line":147,"column":12},"end":{"line":147,"column":33}},"81":{"start":{"line":148,"column":12},"end":{"line":148,"column":40}},"82":{"start":{"line":153,"column":0},"end":{"line":153,"column":34}},"83":{"start":{"line":155,"column":0},"end":{"line":179,"column":2}},"84":{"start":{"line":156,"column":4},"end":{"line":156,"column":20}},"85":{"start":{"line":157,"column":4},"end":{"line":177,"column":5}},"86":{"start":{"line":158,"column":8},"end":{"line":161,"column":12}},"87":{"start":{"line":162,"column":11},"end":{"line":177,"column":5}},"88":{"start":{"line":163,"column":8},"end":{"line":168,"column":9}},"89":{"start":{"line":164,"column":12},"end":{"line":167,"column":16}},"90":{"start":{"line":169,"column":8},"end":{"line":169,"column":27}},"91":{"start":{"line":170,"column":8},"end":{"line":170,"column":31}},"92":{"start":{"line":171,"column":11},"end":{"line":177,"column":5}},"93":{"start":{"line":172,"column":8},"end":{"line":174,"column":9}},"94":{"start":{"line":173,"column":12},"end":{"line":173,"column":39}},"95":{"start":{"line":176,"column":8},"end":{"line":176,"column":38}},"96":{"start":{"line":178,"column":4},"end":{"line":178,"column":27}},"97":{"start":{"line":181,"column":0},"end":{"line":190,"column":2}},"98":{"start":{"line":182,"column":4},"end":{"line":182,"column":20}},"99":{"start":{"line":183,"column":4},"end":{"line":183,"column":34}},"100":{"start":{"line":184,"column":4},"end":{"line":184,"column":28}},"101":{"start":{"line":185,"column":4},"end":{"line":189,"column":5}},"102":{"start":{"line":186,"column":8},"end":{"line":186,"column":52}},"103":{"start":{"line":188,"column":8},"end":{"line":188,"column":30}},"104":{"start":{"line":192,"column":0},"end":{"line":199,"column":2}},"105":{"start":{"line":193,"column":4},"end":{"line":193,"column":20}},"106":{"start":{"line":194,"column":4},"end":{"line":198,"column":5}},"107":{"start":{"line":195,"column":8},"end":{"line":197,"column":11}},"108":{"start":{"line":196,"column":12},"end":{"line":196,"column":31}},"109":{"start":{"line":201,"column":0},"end":{"line":212,"column":2}},"110":{"start":{"line":202,"column":4},"end":{"line":202,"column":20}},"111":{"start":{"line":203,"column":4},"end":{"line":206,"column":5}},"112":{"start":{"line":204,"column":8},"end":{"line":204,"column":41}},"113":{"start":{"line":205,"column":8},"end":{"line":205,"column":32}},"114":{"start":{"line":207,"column":4},"end":{"line":207,"column":30}},"115":{"start":{"line":207,"column":23},"end":{"line":207,"column":30}},"116":{"start":{"line":208,"column":4},"end":{"line":208,"column":29}},"117":{"start":{"line":209,"column":4},"end":{"line":209,"column":27}},"118":{"start":{"line":210,"column":4},"end":{"line":210,"column":29}},"119":{"start":{"line":211,"column":4},"end":{"line":211,"column":66}},"120":{"start":{"line":211,"column":22},"end":{"line":211,"column":66}},"121":{"start":{"line":214,"column":0},"end":{"line":223,"column":1}},"122":{"start":{"line":215,"column":4},"end":{"line":217,"column":5}},"123":{"start":{"line":216,"column":8},"end":{"line":216,"column":38}},"124":{"start":{"line":218,"column":4},"end":{"line":218,"column":20}},"125":{"start":{"line":219,"column":4},"end":{"line":219,"column":36}},"126":{"start":{"line":220,"column":4},"end":{"line":220,"column":25}},"127":{"start":{"line":221,"column":4},"end":{"line":221,"column":53}},"128":{"start":{"line":222,"column":4},"end":{"line":222,"column":20}},"129":{"start":{"line":224,"column":0},"end":{"line":224,"column":33}},"130":{"start":{"line":226,"column":0},"end":{"line":233,"column":2}},"131":{"start":{"line":227,"column":4},"end":{"line":227,"column":20}},"132":{"start":{"line":228,"column":4},"end":{"line":231,"column":5}},"133":{"start":{"line":229,"column":8},"end":{"line":229,"column":28}},"134":{"start":{"line":230,"column":8},"end":{"line":230,"column":27}},"135":{"start":{"line":232,"column":4},"end":{"line":232,"column":71}},"136":{"start":{"line":235,"column":0},"end":{"line":240,"column":2}},"137":{"start":{"line":236,"column":4},"end":{"line":236,"column":20}},"138":{"start":{"line":237,"column":4},"end":{"line":237,"column":32}},"139":{"start":{"line":238,"column":4},"end":{"line":238,"column":53}},"140":{"start":{"line":239,"column":4},"end":{"line":239,"column":32}},"141":{"start":{"line":242,"column":0},"end":{"line":259,"column":1}},"142":{"start":{"line":243,"column":4},"end":{"line":243,"column":19}},"143":{"start":{"line":244,"column":4},"end":{"line":244,"column":30}},"144":{"start":{"line":245,"column":4},"end":{"line":245,"column":31}},"145":{"start":{"line":246,"column":4},"end":{"line":246,"column":29}},"146":{"start":{"line":247,"column":4},"end":{"line":249,"column":5}},"147":{"start":{"line":248,"column":8},"end":{"line":248,"column":26}},"148":{"start":{"line":250,"column":4},"end":{"line":258,"column":5}},"149":{"start":{"line":251,"column":8},"end":{"line":251,"column":46}},"150":{"start":{"line":252,"column":8},"end":{"line":252,"column":47}},"151":{"start":{"line":253,"column":8},"end":{"line":253,"column":45}},"152":{"start":{"line":254,"column":8},"end":{"line":254,"column":39}},"153":{"start":{"line":255,"column":8},"end":{"line":255,"column":25}},"154":{"start":{"line":256,"column":8},"end":{"line":256,"column":42}},"155":{"start":{"line":256,"column":31},"end":{"line":256,"column":42}},"156":{"start":{"line":257,"column":8},"end":{"line":257,"column":27}},"157":{"start":{"line":261,"column":0},"end":{"line":261,"column":41}},"158":{"start":{"line":262,"column":0},"end":{"line":262,"column":43}}},"branchMap":{"1":{"line":62,"type":"if","locations":[{"start":{"line":62,"column":8},"end":{"line":62,"column":8}},{"start":{"line":62,"column":8},"end":{"line":62,"column":8}}]},"2":{"line":69,"type":"if","locations":[{"start":{"line":69,"column":4},"end":{"line":69,"column":4}},{"start":{"line":69,"column":4},"end":{"line":69,"column":4}}]},"3":{"line":81,"type":"if","locations":[{"start":{"line":81,"column":8},"end":{"line":81,"column":8}},{"start":{"line":81,"column":8},"end":{"line":81,"column":8}}]},"4":{"line":81,"type":"binary-expr","locations":[{"start":{"line":81,"column":12},"end":{"line":81,"column":36}},{"start":{"line":81,"column":40},"end":{"line":81,"column":54}}]},"5":{"line":94,"type":"if","locations":[{"start":{"line":94,"column":4},"end":{"line":94,"column":4}},{"start":{"line":94,"column":4},"end":{"line":94,"column":4}}]},"6":{"line":100,"type":"if","locations":[{"start":{"line":100,"column":8},"end":{"line":100,"column":8}},{"start":{"line":100,"column":8},"end":{"line":100,"column":8}}]},"7":{"line":101,"type":"if","locations":[{"start":{"line":101,"column":8},"end":{"line":101,"column":8}},{"start":{"line":101,"column":8},"end":{"line":101,"column":8}}]},"8":{"line":102,"type":"if","locations":[{"start":{"line":102,"column":8},"end":{"line":102,"column":8}},{"start":{"line":102,"column":8},"end":{"line":102,"column":8}}]},"9":{"line":104,"type":"if","locations":[{"start":{"line":104,"column":4},"end":{"line":104,"column":4}},{"start":{"line":104,"column":4},"end":{"line":104,"column":4}}]},"10":{"line":108,"type":"if","locations":[{"start":{"line":108,"column":4},"end":{"line":108,"column":4}},{"start":{"line":108,"column":4},"end":{"line":108,"column":4}}]},"11":{"line":115,"type":"if","locations":[{"start":{"line":115,"column":8},"end":{"line":115,"column":8}},{"start":{"line":115,"column":8},"end":{"line":115,"column":8}}]},"12":{"line":124,"type":"if","locations":[{"start":{"line":124,"column":4},"end":{"line":124,"column":4}},{"start":{"line":124,"column":4},"end":{"line":124,"column":4}}]},"13":{"line":144,"type":"if","locations":[{"start":{"line":144,"column":8},"end":{"line":144,"column":8}},{"start":{"line":144,"column":8},"end":{"line":144,"column":8}}]},"14":{"line":157,"type":"if","locations":[{"start":{"line":157,"column":4},"end":{"line":157,"column":4}},{"start":{"line":157,"column":4},"end":{"line":157,"column":4}}]},"15":{"line":162,"type":"if","locations":[{"start":{"line":162,"column":11},"end":{"line":162,"column":11}},{"start":{"line":162,"column":11},"end":{"line":162,"column":11}}]},"16":{"line":163,"type":"if","locations":[{"start":{"line":163,"column":8},"end":{"line":163,"column":8}},{"start":{"line":163,"column":8},"end":{"line":163,"column":8}}]},"17":{"line":171,"type":"if","locations":[{"start":{"line":171,"column":11},"end":{"line":171,"column":11}},{"start":{"line":171,"column":11},"end":{"line":171,"column":11}}]},"18":{"line":172,"type":"if","locations":[{"start":{"line":172,"column":8},"end":{"line":172,"column":8}},{"start":{"line":172,"column":8},"end":{"line":172,"column":8}}]},"19":{"line":185,"type":"if","locations":[{"start":{"line":185,"column":4},"end":{"line":185,"column":4}},{"start":{"line":185,"column":4},"end":{"line":185,"column":4}}]},"20":{"line":194,"type":"if","locations":[{"start":{"line":194,"column":4},"end":{"line":194,"column":4}},{"start":{"line":194,"column":4},"end":{"line":194,"column":4}}]},"21":{"line":203,"type":"if","locations":[{"start":{"line":203,"column":4},"end":{"line":203,"column":4}},{"start":{"line":203,"column":4},"end":{"line":203,"column":4}}]},"22":{"line":207,"type":"if","locations":[{"start":{"line":207,"column":4},"end":{"line":207,"column":4}},{"start":{"line":207,"column":4},"end":{"line":207,"column":4}}]},"23":{"line":211,"type":"if","locations":[{"start":{"line":211,"column":4},"end":{"line":211,"column":4}},{"start":{"line":211,"column":4},"end":{"line":211,"column":4}}]},"24":{"line":215,"type":"if","locations":[{"start":{"line":215,"column":4},"end":{"line":215,"column":4}},{"start":{"line":215,"column":4},"end":{"line":215,"column":4}}]},"25":{"line":228,"type":"if","locations":[{"start":{"line":228,"column":4},"end":{"line":228,"column":4}},{"start":{"line":228,"column":4},"end":{"line":228,"column":4}}]},"26":{"line":256,"type":"if","locations":[{"start":{"line":256,"column":8},"end":{"line":256,"column":8}},{"start":{"line":256,"column":8},"end":{"line":256,"column":8}}]}}},"/Users/abq/Uber/tchannel/node/channel.js":{"path":"/Users/abq/Uber/tchannel/node/channel.js","s":{"1":1,"2":1,"3":1,"4":1,"5":1,"6":1,"7":1,"8":1,"9":1,"10":1,"11":1,"12":1,"13":1,"14":1,"15":1,"16":1,"17":1,"18":1,"19":1,"20":1,"21":1,"22":1,"23":1,"24":1,"25":1,"26":1,"27":1,"28":1,"29":1,"30":1213,"31":1213,"32":1213,"33":1213,"34":1213,"35":1,"36":2405,"37":1192,"38":1213,"39":1213,"40":1213,"41":1213,"42":1213,"43":1213,"44":1213,"45":1213,"46":1213,"47":1213,"48":1213,"49":1213,"50":1213,"51":1213,"52":1213,"53":1213,"54":1213,"55":1213,"56":1213,"57":1213,"58":1213,"59":1213,"60":1213,"61":1213,"62":1213,"63":1213,"64":1213,"65":1213,"66":1213,"67":1213,"68":1213,"69":1213,"70":2,"71":2,"72":1213,"73":1213,"74":1213,"75":1213,"76":1213,"77":717,"78":717,"79":1213,"80":1213,"81":1213,"82":1,"83":3178,"84":3178,"85":21,"86":3178,"87":1213,"88":1213,"89":496,"90":717,"91":0,"92":0,"93":1213,"94":496,"95":717,"96":1213,"97":1213,"98":12,"99":1213,"100":8,"101":1213,"102":1213,"103":1213,"104":1213,"105":1213,"106":1193,"107":1213,"108":1155,"109":58,"110":1213,"111":1213,"112":1213,"113":1213,"114":1213,"115":1213,"116":1213,"117":496,"118":496,"119":1,"120":25,"121":25,"122":25,"123":1,"124":1,"125":473,"126":473,"127":0,"128":473,"129":473,"130":473,"131":473,"132":473,"133":1,"134":1137,"135":1,"136":472,"137":1,"138":1,"139":1,"140":1742,"141":1742,"142":1246,"143":1742,"144":53417,"145":1742,"146":1742,"147":1,"148":735,"149":1,"150":1137,"151":1137,"152":0,"153":0,"154":1137,"155":1137,"156":1137,"157":1137,"158":0,"159":0,"160":0,"161":1137,"162":1137,"163":1137,"164":1,"165":1137,"166":1,"167":0,"168":0,"169":0,"170":0,"171":0,"172":0,"173":1,"174":472,"175":472,"176":472,"177":472,"178":2,"179":2,"180":470,"181":470,"182":470,"183":470,"184":470,"185":18,"186":18,"187":18,"188":470,"189":1,"190":1,"191":1,"192":1,"193":1,"194":1,"195":1,"196":717,"197":717,"198":0,"199":717,"200":717,"201":717,"202":717,"203":717,"204":717,"205":1207,"206":255,"207":952,"208":717,"209":717,"210":717,"211":717,"212":255,"213":560,"214":560,"215":717,"216":717,"217":717,"218":681,"219":717,"220":1,"221":473,"222":473,"223":473,"224":473,"225":473,"226":473,"227":473,"228":473,"229":473,"230":1,"231":206,"232":206,"233":206,"234":206,"235":206,"236":0,"237":0,"238":1,"239":453,"240":453,"241":453,"242":0,"243":0,"244":0,"245":1,"246":7,"247":7,"248":7,"249":7,"250":98,"251":7,"252":91,"253":7,"254":7,"255":7,"256":7,"257":7,"258":7,"259":14,"260":0,"261":14,"262":7,"263":0,"264":0,"265":0,"266":7,"267":1,"268":153,"269":153,"270":8,"271":145,"272":145,"273":145,"274":1,"275":3638,"276":3638,"277":3638,"278":1781,"279":1857,"280":15,"281":1857,"282":0,"283":1857,"284":11,"285":1857,"286":6,"287":1857,"288":0,"289":1857,"290":24,"291":1857,"292":0,"293":1857,"294":0,"295":1857,"296":0,"297":1857,"298":1194,"299":1270,"300":166,"301":1,"302":235,"303":235,"304":235,"305":235,"306":235,"307":235,"308":235,"309":235,"310":235,"311":235,"312":235,"313":235,"314":235,"315":235,"316":235,"317":1,"318":3638,"319":3638,"320":3638,"321":3638,"322":3638,"323":2930,"324":2890,"325":40,"326":3638,"327":1,"328":3638,"329":3638,"330":3638,"331":3638,"332":3638,"333":3638,"334":3638,"335":3638,"336":3638,"337":3638,"338":3638,"339":3638,"340":3638,"341":3638,"342":3638,"343":3638,"344":3638,"345":3638,"346":3638,"347":3638,"348":3638,"349":3638,"350":3638,"351":3638,"352":3638,"353":3638,"354":3638,"355":3638,"356":1,"357":90,"358":90,"359":90,"360":90,"361":1,"362":3638,"363":3638,"364":3638,"365":0,"366":3638,"367":3638,"368":555,"369":555,"370":3083,"371":121,"372":121,"373":121,"374":2962,"375":658,"376":658,"377":658,"378":0,"379":658,"380":2304,"381":3638,"382":1,"383":1212,"384":1212,"385":1212,"386":1212,"387":1212,"388":487,"389":487,"390":1212,"391":473,"392":473,"393":470,"394":3,"395":1212,"396":473,"397":473,"398":1065,"399":1065,"400":1065,"401":1212,"402":495,"403":495,"404":712,"405":712,"406":712,"407":712,"408":1212,"409":495,"410":495,"411":495,"412":1212,"413":1,"414":472,"415":472,"416":1,"417":3326,"418":1090,"419":0,"420":1090,"421":1031,"422":1,"423":44873,"424":44873,"425":44873,"426":44873,"427":44873,"428":44873,"429":1,"430":58388,"431":58388,"432":11186,"433":47202,"434":1,"435":8822,"436":8822,"437":8822,"438":8822,"439":8822,"440":35274,"441":8822,"442":2329,"443":6493,"444":1,"445":25,"446":25,"447":25,"448":25,"449":50,"450":50,"451":25,"452":1},"b":{"1":[1213,1187],"2":[1213,1187],"3":[1213,1206],"4":[1213,1206],"5":[1192,1213],"6":[1213,49],"7":[1213,1181],"8":[1213,1031],"9":[1213,1213],"10":[4,1209],"11":[1213,1213],"12":[1213,26],"13":[1213,1187],"14":[2,1211],"15":[717,496],"16":[1213,496],"17":[717,496],"18":[1213,496],"19":[21,3157],"20":[1213,0],"21":[496,717],"22":[496,717],"23":[12,1201],"24":[8,1205],"25":[34,1179],"26":[1193,20],"27":[1155,58],"28":[235,978],"29":[496,717],"30":[0,473],"31":[1246,496],"32":[0,1137],"33":[0,1137],"34":[0,0],"35":[2,470],"36":[470,0],"37":[18,0],"38":[1,0],"39":[1,1],"40":[0,717],"41":[255,952],"42":[255,462],"43":[560,0],"44":[681,36],"45":[206,206],"46":[206,0,0],"47":[453,0],"48":[453,0],"49":[0,0],"50":[7,91],"51":[7,0],"52":[7,0],"53":[0,14],"54":[0,7],"55":[7,7],"56":[8,145],"57":[1781,1857],"58":[15,1842],"59":[1857,15],"60":[0,1857],"61":[1857,0],"62":[11,1846],"63":[1857,677],"64":[6,1851],"65":[1857,6],"66":[0,1857],"67":[1857,0],"68":[24,1833],"69":[1857,1104],"70":[0,1857],"71":[1857,0],"72":[0,1857],"73":[1857,0],"74":[0,1857],"75":[1857,0],"76":[1194,663],"77":[166,1104],"78":[235,228],"79":[235,235],"80":[235,194],"81":[235,235],"82":[235,111],"83":[235,235],"84":[235,235],"85":[235,235],"86":[3638,0],"87":[2930,708],"88":[3638,3493],"89":[2890,40],"90":[3638,3517],"91":[3638,2970],"92":[3638,1877],"93":[3638,3497],"94":[3638,48],"95":[3638,3638],"96":[3638,3638],"97":[3638,689],"98":[3638,3085],"99":[150,3488],"100":[3638,3079],"101":[3638,3637],"102":[3638,2979],"103":[3638,3085],"104":[3638,3083],"105":[3638,3636],"106":[3638,3085],"107":[3638,90],"108":[0,3638],"109":[555,3083],"110":[121,2962],"111":[658,2304],"112":[0,658],"113":[487,725],"114":[473,739],"115":[470,3],"116":[473,739],"117":[495,717],"118":[712,0],"119":[495,717],"120":[1090,2236],"121":[0,1090],"122":[1031,59],"123":[11186,47202],"124":[2329,6493],"125":[25,0]},"f":{"1":1213,"2":2405,"3":3178,"4":25,"5":473,"6":1137,"7":472,"8":1,"9":1742,"10":735,"11":1137,"12":1137,"13":0,"14":472,"15":1,"16":717,"17":473,"18":206,"19":453,"20":7,"21":153,"22":3638,"23":235,"24":3638,"25":3638,"26":90,"27":3638,"28":1212,"29":712,"30":472,"31":3326,"32":44873,"33":58388,"34":8822,"35":25},"fnMap":{"1":{"name":"StatTags","line":65,"loc":{"start":{"line":65,"column":0},"end":{"line":65,"column":28}}},"2":{"name":"TChannel","line":78,"loc":{"start":{"line":78,"column":0},"end":{"line":78,"column":27}}},"3":{"name":"fuzzedMinTimeout","line":176,"loc":{"start":{"line":176,"column":4},"end":{"line":176,"column":32}}},"4":{"name":"doSanitySweep","line":258,"loc":{"start":{"line":258,"column":4},"end":{"line":258,"column":29}}},"5":{"name":"getServer","line":266,"loc":{"start":{"line":266,"column":31},"end":{"line":266,"column":52}}},"6":{"name":"onServerSocketConnection","line":279,"loc":{"start":{"line":279,"column":4},"end":{"line":279,"column":44}}},"7":{"name":"onServerSocketListening","line":283,"loc":{"start":{"line":283,"column":4},"end":{"line":283,"column":39}}},"8":{"name":"onServerSocketError","line":287,"loc":{"start":{"line":287,"column":4},"end":{"line":287,"column":38}}},"9":{"name":"flushStats","line":292,"loc":{"start":{"line":292,"column":32},"end":{"line":292,"column":54}}},"10":{"name":"flushStatsRecur","line":308,"loc":{"start":{"line":308,"column":4},"end":{"line":308,"column":31}}},"11":{"name":"onServerSocketConnection","line":313,"loc":{"start":{"line":313,"column":46},"end":{"line":313,"column":86}}},"12":{"name":"onSocketClose","line":343,"loc":{"start":{"line":343,"column":4},"end":{"line":343,"column":29}}},"13":{"name":"onConnectionError","line":348,"loc":{"start":{"line":348,"column":4},"end":{"line":348,"column":36}}},"14":{"name":"onServerSocketListening","line":367,"loc":{"start":{"line":367,"column":45},"end":{"line":367,"column":80}}},"15":{"name":"onServerSocketError","line":397,"loc":{"start":{"line":397,"column":41},"end":{"line":397,"column":75}}},"16":{"name":"makeSubChannel","line":415,"loc":{"start":{"line":415,"column":36},"end":{"line":415,"column":69}}},"17":{"name":"listen","line":456,"loc":{"start":{"line":456,"column":28},"end":{"line":456,"column":66}}},"18":{"name":"register","line":472,"loc":{"start":{"line":472,"column":30},"end":{"line":472,"column":72}}},"19":{"name":"address","line":493,"loc":{"start":{"line":493,"column":29},"end":{"line":493,"column":48}}},"20":{"name":"requestOptions","line":512,"loc":{"start":{"line":512,"column":36},"end":{"line":512,"column":69}}},"21":{"name":"waitForIdentified","line":550,"loc":{"start":{"line":550,"column":0},"end":{"line":550,"column":46}}},"22":{"name":"fastRequestDefaults","line":570,"loc":{"start":{"line":570,"column":0},"end":{"line":570,"column":38}}},"23":{"name":"RequestDefaults","line":619,"loc":{"start":{"line":619,"column":0},"end":{"line":619,"column":38}}},"24":{"name":"channelRequest","line":644,"loc":{"start":{"line":644,"column":29},"end":{"line":644,"column":62}}},"25":{"name":"RequestOptions","line":663,"loc":{"start":{"line":663,"column":0},"end":{"line":663,"column":39}}},"26":{"name":"RequestHeaders","line":700,"loc":{"start":{"line":700,"column":0},"end":{"line":700,"column":26}}},"27":{"name":"_request","line":708,"loc":{"start":{"line":708,"column":30},"end":{"line":708,"column":54}}},"28":{"name":"close","line":744,"loc":{"start":{"line":744,"column":27},"end":{"line":744,"column":52}}},"29":{"name":"each","line":776,"loc":{"start":{"line":776,"column":29},"end":{"line":776,"column":56}}},"30":{"name":"closeServerSocket","line":793,"loc":{"start":{"line":793,"column":4},"end":{"line":793,"column":33}}},"31":{"name":"onClose","line":798,"loc":{"start":{"line":798,"column":4},"end":{"line":798,"column":23}}},"32":{"name":"buildStat","line":813,"loc":{"start":{"line":813,"column":0},"end":{"line":813,"column":44}}},"33":{"name":"emitFastStat","line":826,"loc":{"start":{"line":826,"column":34},"end":{"line":826,"column":62}}},"34":{"name":"emitStat","line":836,"loc":{"start":{"line":836,"column":30},"end":{"line":836,"column":54}}},"35":{"name":"sanitySweep","line":854,"loc":{"start":{"line":854,"column":33},"end":{"line":854,"column":56}}}},"statementMap":{"1":{"start":{"line":23,"column":0},"end":{"line":23,"column":31}},"2":{"start":{"line":24,"column":0},"end":{"line":28,"column":2}},"3":{"start":{"line":29,"column":0},"end":{"line":29,"column":31}},"4":{"start":{"line":30,"column":0},"end":{"line":30,"column":25}},"5":{"start":{"line":31,"column":0},"end":{"line":31,"column":36}},"6":{"start":{"line":32,"column":0},"end":{"line":32,"column":30}},"7":{"start":{"line":34,"column":0},"end":{"line":34,"column":40}},"8":{"start":{"line":35,"column":0},"end":{"line":35,"column":48}},"9":{"start":{"line":37,"column":0},"end":{"line":37,"column":45}},"10":{"start":{"line":38,"column":0},"end":{"line":38,"column":55}},"11":{"start":{"line":39,"column":0},"end":{"line":39,"column":43}},"12":{"start":{"line":40,"column":0},"end":{"line":40,"column":67}},"13":{"start":{"line":41,"column":0},"end":{"line":41,"column":33}},"14":{"start":{"line":43,"column":0},"end":{"line":43,"column":49}},"15":{"start":{"line":44,"column":0},"end":{"line":44,"column":46}},"16":{"start":{"line":45,"column":0},"end":{"line":45,"column":42}},"17":{"start":{"line":46,"column":0},"end":{"line":46,"column":49}},"18":{"start":{"line":47,"column":0},"end":{"line":47,"column":48}},"19":{"start":{"line":48,"column":0},"end":{"line":48,"column":46}},"20":{"start":{"line":49,"column":0},"end":{"line":49,"column":45}},"21":{"start":{"line":50,"column":0},"end":{"line":50,"column":45}},"22":{"start":{"line":51,"column":0},"end":{"line":51,"column":45}},"23":{"start":{"line":52,"column":0},"end":{"line":52,"column":38}},"24":{"start":{"line":54,"column":0},"end":{"line":54,"column":44}},"25":{"start":{"line":56,"column":0},"end":{"line":56,"column":29}},"26":{"start":{"line":57,"column":0},"end":{"line":57,"column":30}},"27":{"start":{"line":58,"column":0},"end":{"line":58,"column":27}},"28":{"start":{"line":59,"column":0},"end":{"line":63,"column":2}},"29":{"start":{"line":65,"column":0},"end":{"line":72,"column":1}},"30":{"start":{"line":66,"column":4},"end":{"line":66,"column":20}},"31":{"start":{"line":68,"column":4},"end":{"line":68,"column":34}},"32":{"start":{"line":69,"column":4},"end":{"line":69,"column":36}},"33":{"start":{"line":70,"column":4},"end":{"line":70,"column":42}},"34":{"start":{"line":71,"column":4},"end":{"line":71,"column":42}},"35":{"start":{"line":78,"column":0},"end":{"line":263,"column":1}},"36":{"start":{"line":79,"column":4},"end":{"line":81,"column":5}},"37":{"start":{"line":80,"column":8},"end":{"line":80,"column":37}},"38":{"start":{"line":83,"column":4},"end":{"line":83,"column":20}},"39":{"start":{"line":84,"column":4},"end":{"line":84,"column":27}},"40":{"start":{"line":85,"column":4},"end":{"line":85,"column":48}},"41":{"start":{"line":86,"column":4},"end":{"line":86,"column":56}},"42":{"start":{"line":87,"column":4},"end":{"line":87,"column":58}},"43":{"start":{"line":91,"column":4},"end":{"line":91,"column":101}},"44":{"start":{"line":92,"column":4},"end":{"line":92,"column":123}},"45":{"start":{"line":93,"column":4},"end":{"line":93,"column":111}},"46":{"start":{"line":94,"column":4},"end":{"line":94,"column":133}},"47":{"start":{"line":97,"column":4},"end":{"line":97,"column":90}},"48":{"start":{"line":103,"column":4},"end":{"line":103,"column":99}},"49":{"start":{"line":109,"column":4},"end":{"line":109,"column":92}},"50":{"start":{"line":112,"column":4},"end":{"line":112,"column":81}},"51":{"start":{"line":113,"column":4},"end":{"line":113,"column":89}},"52":{"start":{"line":114,"column":4},"end":{"line":114,"column":98}},"53":{"start":{"line":115,"column":4},"end":{"line":115,"column":87}},"54":{"start":{"line":116,"column":4},"end":{"line":116,"column":98}},"55":{"start":{"line":117,"column":4},"end":{"line":117,"column":83}},"56":{"start":{"line":118,"column":4},"end":{"line":118,"column":83}},"57":{"start":{"line":121,"column":4},"end":{"line":128,"column":16}},"58":{"start":{"line":130,"column":4},"end":{"line":130,"column":52}},"59":{"start":{"line":131,"column":4},"end":{"line":131,"column":54}},"60":{"start":{"line":132,"column":4},"end":{"line":132,"column":54}},"61":{"start":{"line":133,"column":4},"end":{"line":133,"column":56}},"62":{"start":{"line":134,"column":4},"end":{"line":134,"column":44}},"63":{"start":{"line":135,"column":4},"end":{"line":135,"column":44}},"64":{"start":{"line":136,"column":4},"end":{"line":138,"column":50}},"65":{"start":{"line":139,"column":4},"end":{"line":139,"column":71}},"66":{"start":{"line":143,"column":4},"end":{"line":143,"column":101}},"67":{"start":{"line":144,"column":4},"end":{"line":144,"column":62}},"68":{"start":{"line":146,"column":4},"end":{"line":146,"column":38}},"69":{"start":{"line":147,"column":4},"end":{"line":150,"column":5}},"70":{"start":{"line":148,"column":8},"end":{"line":148,"column":67}},"71":{"start":{"line":149,"column":8},"end":{"line":149,"column":35}},"72":{"start":{"line":153,"column":4},"end":{"line":153,"column":21}},"73":{"start":{"line":154,"column":4},"end":{"line":154,"column":30}},"74":{"start":{"line":157,"column":4},"end":{"line":157,"column":25}},"75":{"start":{"line":160,"column":4},"end":{"line":160,"column":26}},"76":{"start":{"line":161,"column":4},"end":{"line":164,"column":5}},"77":{"start":{"line":162,"column":8},"end":{"line":162,"column":52}},"78":{"start":{"line":163,"column":8},"end":{"line":163,"column":40}},"79":{"start":{"line":166,"column":4},"end":{"line":166,"column":54}},"80":{"start":{"line":167,"column":4},"end":{"line":167,"column":51}},"81":{"start":{"line":170,"column":4},"end":{"line":174,"column":7}},"82":{"start":{"line":176,"column":4},"end":{"line":182,"column":5}},"83":{"start":{"line":177,"column":8},"end":{"line":177,"column":44}},"84":{"start":{"line":178,"column":8},"end":{"line":180,"column":9}},"85":{"start":{"line":179,"column":12},"end":{"line":179,"column":60}},"86":{"start":{"line":181,"column":8},"end":{"line":181,"column":56}},"87":{"start":{"line":185,"column":4},"end":{"line":197,"column":5}},"88":{"start":{"line":186,"column":8},"end":{"line":193,"column":9}},"89":{"start":{"line":187,"column":12},"end":{"line":190,"column":15}},"90":{"start":{"line":192,"column":12},"end":{"line":192,"column":61}},"91":{"start":{"line":195,"column":8},"end":{"line":195,"column":44}},"92":{"start":{"line":196,"column":8},"end":{"line":196,"column":36}},"93":{"start":{"line":203,"column":4},"end":{"line":207,"column":5}},"94":{"start":{"line":204,"column":8},"end":{"line":204,"column":59}},"95":{"start":{"line":206,"column":8},"end":{"line":206,"column":58}},"96":{"start":{"line":210,"column":4},"end":{"line":210,"column":43}},"97":{"start":{"line":211,"column":4},"end":{"line":213,"column":5}},"98":{"start":{"line":212,"column":8},"end":{"line":212,"column":59}},"99":{"start":{"line":214,"column":4},"end":{"line":216,"column":5}},"100":{"start":{"line":215,"column":8},"end":{"line":215,"column":79}},"101":{"start":{"line":219,"column":4},"end":{"line":219,"column":26}},"102":{"start":{"line":220,"column":4},"end":{"line":220,"column":27}},"103":{"start":{"line":221,"column":4},"end":{"line":221,"column":27}},"104":{"start":{"line":223,"column":4},"end":{"line":224,"column":34}},"105":{"start":{"line":226,"column":4},"end":{"line":233,"column":5}},"106":{"start":{"line":227,"column":8},"end":{"line":232,"column":11}},"107":{"start":{"line":235,"column":4},"end":{"line":239,"column":5}},"108":{"start":{"line":236,"column":8},"end":{"line":236,"column":52}},"109":{"start":{"line":238,"column":8},"end":{"line":238,"column":32}},"110":{"start":{"line":242,"column":4},"end":{"line":242,"column":29}},"111":{"start":{"line":243,"column":4},"end":{"line":243,"column":34}},"112":{"start":{"line":245,"column":4},"end":{"line":245,"column":45}},"113":{"start":{"line":246,"column":4},"end":{"line":246,"column":41}},"114":{"start":{"line":248,"column":4},"end":{"line":248,"column":25}},"115":{"start":{"line":250,"column":4},"end":{"line":251,"column":65}},"116":{"start":{"line":253,"column":4},"end":{"line":256,"column":5}},"117":{"start":{"line":254,"column":8},"end":{"line":254,"column":80}},"118":{"start":{"line":255,"column":8},"end":{"line":255,"column":26}},"119":{"start":{"line":258,"column":4},"end":{"line":262,"column":5}},"120":{"start":{"line":259,"column":8},"end":{"line":259,"column":32}},"121":{"start":{"line":260,"column":8},"end":{"line":260,"column":27}},"122":{"start":{"line":261,"column":8},"end":{"line":261,"column":80}},"123":{"start":{"line":264,"column":0},"end":{"line":264,"column":32}},"124":{"start":{"line":266,"column":0},"end":{"line":290,"column":2}},"125":{"start":{"line":267,"column":4},"end":{"line":267,"column":20}},"126":{"start":{"line":268,"column":4},"end":{"line":270,"column":5}},"127":{"start":{"line":269,"column":8},"end":{"line":269,"column":33}},"128":{"start":{"line":272,"column":4},"end":{"line":272,"column":49}},"129":{"start":{"line":273,"column":4},"end":{"line":273,"column":67}},"130":{"start":{"line":274,"column":4},"end":{"line":274,"column":63}},"131":{"start":{"line":275,"column":4},"end":{"line":275,"column":55}},"132":{"start":{"line":277,"column":4},"end":{"line":277,"column":29}},"133":{"start":{"line":279,"column":4},"end":{"line":281,"column":5}},"134":{"start":{"line":280,"column":8},"end":{"line":280,"column":44}},"135":{"start":{"line":283,"column":4},"end":{"line":285,"column":5}},"136":{"start":{"line":284,"column":8},"end":{"line":284,"column":39}},"137":{"start":{"line":287,"column":4},"end":{"line":289,"column":5}},"138":{"start":{"line":288,"column":8},"end":{"line":288,"column":38}},"139":{"start":{"line":292,"column":0},"end":{"line":311,"column":2}},"140":{"start":{"line":293,"column":4},"end":{"line":293,"column":20}},"141":{"start":{"line":295,"column":4},"end":{"line":297,"column":5}},"142":{"start":{"line":296,"column":8},"end":{"line":296,"column":54}},"143":{"start":{"line":299,"column":4},"end":{"line":301,"column":5}},"144":{"start":{"line":300,"column":8},"end":{"line":300,"column":54}},"145":{"start":{"line":302,"column":4},"end":{"line":302,"column":25}},"146":{"start":{"line":304,"column":4},"end":{"line":306,"column":6}},"147":{"start":{"line":308,"column":4},"end":{"line":310,"column":5}},"148":{"start":{"line":309,"column":8},"end":{"line":309,"column":26}},"149":{"start":{"line":313,"column":0},"end":{"line":365,"column":2}},"150":{"start":{"line":314,"column":4},"end":{"line":314,"column":20}},"151":{"start":{"line":316,"column":4},"end":{"line":323,"column":5}},"152":{"start":{"line":317,"column":8},"end":{"line":321,"column":11}},"153":{"start":{"line":322,"column":8},"end":{"line":322,"column":15}},"154":{"start":{"line":325,"column":4},"end":{"line":325,"column":70}},"155":{"start":{"line":326,"column":4},"end":{"line":326,"column":74}},"156":{"start":{"line":328,"column":4},"end":{"line":328,"column":42}},"157":{"start":{"line":330,"column":4},"end":{"line":336,"column":5}},"158":{"start":{"line":331,"column":8},"end":{"line":331,"column":63}},"159":{"start":{"line":332,"column":8},"end":{"line":334,"column":12}},"160":{"start":{"line":335,"column":8},"end":{"line":335,"column":56}},"161":{"start":{"line":338,"column":4},"end":{"line":338,"column":36}},"162":{"start":{"line":340,"column":4},"end":{"line":340,"column":52}},"163":{"start":{"line":341,"column":4},"end":{"line":341,"column":42}},"164":{"start":{"line":343,"column":4},"end":{"line":345,"column":5}},"165":{"start":{"line":344,"column":8},"end":{"line":344,"column":56}},"166":{"start":{"line":348,"column":4},"end":{"line":364,"column":5}},"167":{"start":{"line":349,"column":8},"end":{"line":349,"column":44}},"168":{"start":{"line":351,"column":8},"end":{"line":356,"column":10}},"169":{"start":{"line":358,"column":8},"end":{"line":362,"column":9}},"170":{"start":{"line":359,"column":12},"end":{"line":359,"column":67}},"171":{"start":{"line":361,"column":12},"end":{"line":361,"column":80}},"172":{"start":{"line":363,"column":8},"end":{"line":363,"column":56}},"173":{"start":{"line":367,"column":0},"end":{"line":395,"column":2}},"174":{"start":{"line":368,"column":4},"end":{"line":368,"column":20}},"175":{"start":{"line":370,"column":4},"end":{"line":370,"column":46}},"176":{"start":{"line":371,"column":4},"end":{"line":371,"column":50}},"177":{"start":{"line":373,"column":4},"end":{"line":379,"column":5}},"178":{"start":{"line":374,"column":8},"end":{"line":377,"column":11}},"179":{"start":{"line":378,"column":8},"end":{"line":378,"column":15}},"180":{"start":{"line":381,"column":4},"end":{"line":381,"column":29}},"181":{"start":{"line":382,"column":4},"end":{"line":382,"column":26}},"182":{"start":{"line":384,"column":4},"end":{"line":392,"column":5}},"183":{"start":{"line":385,"column":8},"end":{"line":385,"column":57}},"184":{"start":{"line":386,"column":8},"end":{"line":391,"column":9}},"185":{"start":{"line":387,"column":12},"end":{"line":387,"column":57}},"186":{"start":{"line":388,"column":12},"end":{"line":390,"column":13}},"187":{"start":{"line":389,"column":16},"end":{"line":389,"column":46}},"188":{"start":{"line":394,"column":4},"end":{"line":394,"column":35}},"189":{"start":{"line":397,"column":0},"end":{"line":413,"column":2}},"190":{"start":{"line":398,"column":4},"end":{"line":398,"column":20}},"191":{"start":{"line":400,"column":4},"end":{"line":405,"column":5}},"192":{"start":{"line":401,"column":8},"end":{"line":404,"column":11}},"193":{"start":{"line":406,"column":4},"end":{"line":411,"column":7}},"194":{"start":{"line":412,"column":4},"end":{"line":412,"column":36}},"195":{"start":{"line":415,"column":0},"end":{"line":454,"column":2}},"196":{"start":{"line":416,"column":4},"end":{"line":416,"column":20}},"197":{"start":{"line":417,"column":4},"end":{"line":417,"column":31}},"198":{"start":{"line":417,"column":18},"end":{"line":417,"column":31}},"199":{"start":{"line":418,"column":4},"end":{"line":418,"column":78}},"200":{"start":{"line":419,"column":4},"end":{"line":419,"column":60}},"201":{"start":{"line":420,"column":4},"end":{"line":420,"column":85}},"202":{"start":{"line":421,"column":4},"end":{"line":421,"column":36}},"203":{"start":{"line":422,"column":4},"end":{"line":422,"column":36}},"204":{"start":{"line":423,"column":4},"end":{"line":430,"column":5}},"205":{"start":{"line":424,"column":8},"end":{"line":429,"column":9}},"206":{"start":{"line":426,"column":16},"end":{"line":426,"column":22}},"207":{"start":{"line":428,"column":16},"end":{"line":428,"column":49}},"208":{"start":{"line":432,"column":4},"end":{"line":432,"column":27}},"209":{"start":{"line":433,"column":4},"end":{"line":433,"column":34}},"210":{"start":{"line":434,"column":4},"end":{"line":434,"column":30}},"211":{"start":{"line":436,"column":4},"end":{"line":442,"column":5}},"212":{"start":{"line":437,"column":8},"end":{"line":441,"column":9}},"213":{"start":{"line":438,"column":12},"end":{"line":440,"column":13}},"214":{"start":{"line":439,"column":16},"end":{"line":439,"column":49}},"215":{"start":{"line":443,"column":4},"end":{"line":443,"column":46}},"216":{"start":{"line":447,"column":4},"end":{"line":447,"column":30}},"217":{"start":{"line":449,"column":4},"end":{"line":451,"column":5}},"218":{"start":{"line":450,"column":8},"end":{"line":450,"column":38}},"219":{"start":{"line":453,"column":4},"end":{"line":453,"column":16}},"220":{"start":{"line":456,"column":0},"end":{"line":470,"column":2}},"221":{"start":{"line":461,"column":4},"end":{"line":461,"column":20}},"222":{"start":{"line":462,"column":4},"end":{"line":462,"column":60}},"223":{"start":{"line":463,"column":4},"end":{"line":463,"column":72}},"224":{"start":{"line":464,"column":4},"end":{"line":464,"column":79}},"225":{"start":{"line":465,"column":4},"end":{"line":465,"column":84}},"226":{"start":{"line":466,"column":4},"end":{"line":466,"column":25}},"227":{"start":{"line":467,"column":4},"end":{"line":467,"column":30}},"228":{"start":{"line":468,"column":4},"end":{"line":468,"column":21}},"229":{"start":{"line":469,"column":4},"end":{"line":469,"column":50}},"230":{"start":{"line":472,"column":0},"end":{"line":491,"column":2}},"231":{"start":{"line":473,"column":4},"end":{"line":473,"column":20}},"232":{"start":{"line":475,"column":4},"end":{"line":475,"column":56}},"233":{"start":{"line":477,"column":4},"end":{"line":490,"column":5}},"234":{"start":{"line":479,"column":12},"end":{"line":479,"column":58}},"235":{"start":{"line":480,"column":12},"end":{"line":480,"column":18}},"236":{"start":{"line":483,"column":12},"end":{"line":483,"column":49}},"237":{"start":{"line":486,"column":12},"end":{"line":489,"column":15}},"238":{"start":{"line":493,"column":0},"end":{"line":502,"column":2}},"239":{"start":{"line":494,"column":4},"end":{"line":494,"column":20}},"240":{"start":{"line":495,"column":4},"end":{"line":501,"column":5}},"241":{"start":{"line":496,"column":8},"end":{"line":496,"column":51}},"242":{"start":{"line":497,"column":11},"end":{"line":501,"column":5}},"243":{"start":{"line":498,"column":8},"end":{"line":498,"column":41}},"244":{"start":{"line":500,"column":8},"end":{"line":500,"column":20}},"245":{"start":{"line":512,"column":0},"end":{"line":547,"column":2}},"246":{"start":{"line":513,"column":4},"end":{"line":513,"column":20}},"247":{"start":{"line":514,"column":4},"end":{"line":514,"column":13}},"248":{"start":{"line":515,"column":4},"end":{"line":515,"column":18}},"249":{"start":{"line":517,"column":4},"end":{"line":523,"column":5}},"250":{"start":{"line":518,"column":8},"end":{"line":520,"column":9}},"251":{"start":{"line":519,"column":12},"end":{"line":519,"column":21}},"252":{"start":{"line":522,"column":8},"end":{"line":522,"column":48}},"253":{"start":{"line":524,"column":4},"end":{"line":524,"column":22}},"254":{"start":{"line":525,"column":4},"end":{"line":529,"column":5}},"255":{"start":{"line":526,"column":8},"end":{"line":528,"column":9}},"256":{"start":{"line":527,"column":12},"end":{"line":527,"column":68}},"257":{"start":{"line":531,"column":4},"end":{"line":538,"column":5}},"258":{"start":{"line":532,"column":8},"end":{"line":537,"column":9}},"259":{"start":{"line":533,"column":12},"end":{"line":535,"column":13}},"260":{"start":{"line":534,"column":16},"end":{"line":534,"column":25}},"261":{"start":{"line":536,"column":12},"end":{"line":536,"column":39}},"262":{"start":{"line":539,"column":4},"end":{"line":544,"column":5}},"263":{"start":{"line":540,"column":8},"end":{"line":540,"column":36}},"264":{"start":{"line":541,"column":8},"end":{"line":543,"column":9}},"265":{"start":{"line":542,"column":12},"end":{"line":542,"column":55}},"266":{"start":{"line":546,"column":4},"end":{"line":546,"column":16}},"267":{"start":{"line":549,"column":0},"end":{"line":559,"column":2}},"268":{"start":{"line":551,"column":4},"end":{"line":551,"column":20}},"269":{"start":{"line":552,"column":4},"end":{"line":558,"column":5}},"270":{"start":{"line":553,"column":8},"end":{"line":553,"column":50}},"271":{"start":{"line":555,"column":8},"end":{"line":555,"column":77}},"272":{"start":{"line":556,"column":8},"end":{"line":556,"column":48}},"273":{"start":{"line":557,"column":8},"end":{"line":557,"column":41}},"274":{"start":{"line":569,"column":0},"end":{"line":617,"column":2}},"275":{"start":{"line":571,"column":4},"end":{"line":571,"column":20}},"276":{"start":{"line":573,"column":4},"end":{"line":573,"column":40}},"277":{"start":{"line":574,"column":4},"end":{"line":576,"column":5}},"278":{"start":{"line":575,"column":8},"end":{"line":575,"column":15}},"279":{"start":{"line":578,"column":4},"end":{"line":580,"column":5}},"280":{"start":{"line":579,"column":8},"end":{"line":579,"column":43}},"281":{"start":{"line":581,"column":4},"end":{"line":583,"column":5}},"282":{"start":{"line":582,"column":8},"end":{"line":582,"column":49}},"283":{"start":{"line":584,"column":4},"end":{"line":586,"column":5}},"284":{"start":{"line":585,"column":8},"end":{"line":585,"column":51}},"285":{"start":{"line":587,"column":4},"end":{"line":589,"column":5}},"286":{"start":{"line":588,"column":8},"end":{"line":588,"column":53}},"287":{"start":{"line":590,"column":4},"end":{"line":592,"column":5}},"288":{"start":{"line":591,"column":8},"end":{"line":591,"column":53}},"289":{"start":{"line":593,"column":4},"end":{"line":595,"column":5}},"290":{"start":{"line":594,"column":8},"end":{"line":594,"column":51}},"291":{"start":{"line":596,"column":4},"end":{"line":598,"column":5}},"292":{"start":{"line":597,"column":8},"end":{"line":597,"column":39}},"293":{"start":{"line":599,"column":4},"end":{"line":601,"column":5}},"294":{"start":{"line":600,"column":8},"end":{"line":600,"column":49}},"295":{"start":{"line":602,"column":4},"end":{"line":606,"column":5}},"296":{"start":{"line":605,"column":8},"end":{"line":605,"column":73}},"297":{"start":{"line":608,"column":4},"end":{"line":616,"column":5}},"298":{"start":{"line":610,"column":8},"end":{"line":614,"column":9}},"299":{"start":{"line":611,"column":12},"end":{"line":613,"column":13}},"300":{"start":{"line":612,"column":16},"end":{"line":612,"column":61}},"301":{"start":{"line":619,"column":0},"end":{"line":642,"column":1}},"302":{"start":{"line":620,"column":4},"end":{"line":620,"column":20}},"303":{"start":{"line":622,"column":4},"end":{"line":622,"column":44}},"304":{"start":{"line":623,"column":4},"end":{"line":623,"column":50}},"305":{"start":{"line":624,"column":4},"end":{"line":624,"column":53}},"306":{"start":{"line":626,"column":4},"end":{"line":626,"column":80}},"307":{"start":{"line":627,"column":4},"end":{"line":627,"column":49}},"308":{"start":{"line":629,"column":4},"end":{"line":629,"column":79}},"309":{"start":{"line":630,"column":4},"end":{"line":630,"column":54}},"310":{"start":{"line":632,"column":4},"end":{"line":632,"column":78}},"311":{"start":{"line":633,"column":4},"end":{"line":633,"column":56}},"312":{"start":{"line":635,"column":4},"end":{"line":635,"column":66}},"313":{"start":{"line":636,"column":4},"end":{"line":636,"column":44}},"314":{"start":{"line":638,"column":4},"end":{"line":638,"column":53}},"315":{"start":{"line":639,"column":4},"end":{"line":639,"column":77}},"316":{"start":{"line":641,"column":4},"end":{"line":641,"column":39}},"317":{"start":{"line":644,"column":0},"end":{"line":661,"column":2}},"318":{"start":{"line":645,"column":4},"end":{"line":645,"column":20}},"319":{"start":{"line":647,"column":4},"end":{"line":647,"column":28}},"320":{"start":{"line":649,"column":4},"end":{"line":649,"column":49}},"321":{"start":{"line":650,"column":4},"end":{"line":650,"column":35}},"322":{"start":{"line":652,"column":4},"end":{"line":658,"column":5}},"323":{"start":{"line":653,"column":8},"end":{"line":657,"column":9}},"324":{"start":{"line":654,"column":12},"end":{"line":654,"column":30}},"325":{"start":{"line":656,"column":12},"end":{"line":656,"column":31}},"326":{"start":{"line":660,"column":4},"end":{"line":660,"column":31}},"327":{"start":{"line":663,"column":0},"end":{"line":698,"column":1}},"328":{"start":{"line":665,"column":4},"end":{"line":665,"column":20}},"329":{"start":{"line":667,"column":4},"end":{"line":667,"column":27}},"330":{"start":{"line":669,"column":4},"end":{"line":669,"column":32}},"331":{"start":{"line":670,"column":4},"end":{"line":670,"column":43}},"332":{"start":{"line":671,"column":4},"end":{"line":671,"column":37}},"333":{"start":{"line":672,"column":4},"end":{"line":672,"column":43}},"334":{"start":{"line":673,"column":4},"end":{"line":673,"column":46}},"335":{"start":{"line":674,"column":4},"end":{"line":674,"column":73}},"336":{"start":{"line":675,"column":4},"end":{"line":675,"column":51}},"337":{"start":{"line":676,"column":4},"end":{"line":676,"column":50}},"338":{"start":{"line":677,"column":4},"end":{"line":677,"column":71}},"339":{"start":{"line":678,"column":4},"end":{"line":678,"column":49}},"340":{"start":{"line":679,"column":4},"end":{"line":679,"column":51}},"341":{"start":{"line":680,"column":4},"end":{"line":680,"column":59}},"342":{"start":{"line":681,"column":4},"end":{"line":681,"column":58}},"343":{"start":{"line":682,"column":4},"end":{"line":682,"column":50}},"344":{"start":{"line":683,"column":4},"end":{"line":683,"column":61}},"345":{"start":{"line":684,"column":4},"end":{"line":684,"column":70}},"346":{"start":{"line":685,"column":4},"end":{"line":685,"column":38}},"347":{"start":{"line":686,"column":4},"end":{"line":686,"column":40}},"348":{"start":{"line":687,"column":4},"end":{"line":687,"column":34}},"349":{"start":{"line":688,"column":4},"end":{"line":688,"column":57}},"350":{"start":{"line":689,"column":4},"end":{"line":689,"column":42}},"351":{"start":{"line":692,"column":4},"end":{"line":692,"column":56}},"352":{"start":{"line":694,"column":4},"end":{"l
[...]
"if","locations":[{"start":{"line":80,"column":8},"end":{"line":80,"column":8}},{"start":{"line":80,"column":8},"end":{"line":80,"column":8}}]},"2":{"line":83,"type":"if","locations":[{"start":{"line":83,"column":12},"end":{"line":83,"column":12}},{"start":{"line":83,"column":12},"end":{"line":83,"column":12}}]},"3":{"line":129,"type":"if","locations":[{"start":{"line":129,"column":8},"end":{"line":129,"column":8}},{"start":{"line":129,"column":8},"end":{"line":129,"column":8}}]},"4":{"line":145,"type":"if","locations":[{"start":{"line":145,"column":8},"end":{"line":145,"column":8}},{"start":{"line":145,"column":8},"end":{"line":145,"column":8}}]}}},"/Users/abq/Uber/tchannel/node/monitor.js":{"path":"/Users/abq/Uber/tchannel/node/monitor.js","s":{"1":0,"2":0,"3":0,"4":0,"5":0,"6":0,"7":0,"8":0,"9":0,"10":0,"11":0,"12":0,"13":0,"14":0,"15":0,"16":0,"17":0,"18":0,"19":0,"20":0,"21":0,"22":0,"23":0,"24":0,"25":0,"26":0,"27":0,"28":0,"29":0,"30":0,"31":0,"32":0,"33":0,"34":0,"35":0,"36":0,"37":0,"38":0,"39":0,"40":0,"41":0,"42":0,"43":0,"44":0,"45":0,"46":0,"47":0,"48":0,"49":0,"50":0,"51":0,"52":0,"53":0,"54":0,"55":0,"56":0,"57":0,"58":0,"59":0,"60":0,"61":0,"62":0,"63":0,"64":0,"65":0,"66":0,"67":0,"68":0,"69":0,"70":0,"71":0,"72":0,"73":0,"74":0,"75":0,"76":0,"77":0,"78":0,"79":0,"80":0,"81":0,"82":0,"83":0,"84":0,"85":0,"86":0,"87":0,"88":0,"89":0,"90":0,"91":0,"92":0,"93":0,"94":0,"95":0,"96":0,"97":0,"98":0,"99":0,"100":0,"101":0,"102":0,"103":0,"104":0,"105":0,"106":0,"107":0,"108":0,"109":0,"110":0,"111":0,"112":0,"113":0,"114":0,"115":0,"116":0,"117":0,"118":0,"119":0,"120":0,"121":0,"122":0,"123":0,"124":0,"125":0,"126":0,"127":0,"128":0,"129":0,"130":0,"131":0,"132":0,"133":0,"134":0,"135":0,"136":0,"137":0,"138":0,"139":0,"140":0,"141":0,"142":0,"143":0,"144":0,"145":0,"146":0,"147":0,"148":0,"149":0,"150":0,"151":0,"152":0,"153":0,"154":0,"155":0,"156":0},"b":{"1":[0,0],"2":[0,0],"3":[0,0],"4":[0,0],"5":[0,0],"6":[0,0],"7":[0,0],"8":[0,0],"9":[0,0],"10":[0,0],"11":[0,0],"12":[0,0],"13":[0,0],"14":[0,0],"15":[0,0],"16":[0,0],"17":[0,0],"18":[0,0],"19":[0,0],"20":[0,0],"21":[0,0],"22":[0,0],"23":[0,0],"24":[0,0],"25":[0,0],"26":[0,0],"27":[0,0]},"f":{"1":0,"2":0,"3":0,"4":0,"5":0,"6":0,"7":0,"8":0,"9":0,"10":0,"11":0,"12":0,"13":0,"14":0,"15":0,"16":0,"17":0,"18":0,"19":0,"20":0},"fnMap":{"1":{"name":"ChanConnMonitor","line":28,"loc":{"start":{"line":28,"column":0},"end":{"line":28,"column":43}}},"2":{"name":"summary","line":53,"loc":{"start":{"line":53,"column":36},"end":{"line":53,"column":55}}},"3":{"name":"run","line":56,"loc":{"start":{"line":56,"column":32},"end":{"line":56,"column":47}}},"4":{"name":"tickMe","line":66,"loc":{"start":{"line":66,"column":4},"end":{"line":66,"column":22}}},"5":{"name":"tick","line":71,"loc":{"start":{"line":71,"column":33},"end":{"line":71,"column":49}}},"6":{"name":"eashServerConn","line":99,"loc":{"start":{"line":99,"column":4},"end":{"line":99,"column":34}}},"7":{"name":"eachPeer","line":111,"loc":{"start":{"line":111,"column":4},"end":{"line":111,"column":31}}},"8":{"name":"eachConn","line":113,"loc":{"start":{"line":113,"column":33},"end":{"line":113,"column":60}}},"9":{"name":"tockMe","line":125,"loc":{"start":{"line":125,"column":4},"end":{"line":125,"column":22}}},"10":{"name":"OpKindMonitor","line":132,"loc":{"start":{"line":132,"column":0},"end":{"line":132,"column":41}}},"11":{"name":"eachConn","line":141,"loc":{"start":{"line":141,"column":35},"end":{"line":141,"column":60}}},"12":{"name":"summary","line":164,"loc":{"start":{"line":164,"column":34},"end":{"line":164,"column":53}}},"13":{"name":"reduceByBucket","line":194,"loc":{"start":{"line":194,"column":0},"end":{"line":194,"column":30}}},"14":{"name":"reduceByTTL","line":224,"loc":{"start":{"line":224,"column":0},"end":{"line":224,"column":27}}},"15":{"name":"sumCounts","line":255,"loc":{"start":{"line":255,"column":0},"end":{"line":255,"column":25}}},"16":{"name":"eachB","line":256,"loc":{"start":{"line":256,"column":27},"end":{"line":256,"column":47}}},"17":{"name":"countConstructors","line":266,"loc":{"start":{"line":266,"column":0},"end":{"line":266,"column":32}}},"18":{"name":"each","line":268,"loc":{"start":{"line":268,"column":29},"end":{"line":268,"column":49}}},"19":{"name":"OpCount","line":279,"loc":{"start":{"line":279,"column":0},"end":{"line":279,"column":19}}},"20":{"name":"push","line":286,"loc":{"start":{"line":286,"column":25},"end":{"line":286,"column":46}}}},"statementMap":{"1":{"start":{"line":23,"column":0},"end":{"line":23,"column":36}},"2":{"start":{"line":24,"column":0},"end":{"line":24,"column":40}},"3":{"start":{"line":26,"column":0},"end":{"line":26,"column":49}},"4":{"start":{"line":28,"column":0},"end":{"line":49,"column":1}},"5":{"start":{"line":29,"column":4},"end":{"line":29,"column":20}},"6":{"start":{"line":31,"column":4},"end":{"line":31,"column":27}},"7":{"start":{"line":32,"column":4},"end":{"line":32,"column":27}},"8":{"start":{"line":33,"column":4},"end":{"line":33,"column":37}},"9":{"start":{"line":34,"column":4},"end":{"line":34,"column":37}},"10":{"start":{"line":35,"column":4},"end":{"line":35,"column":31}},"11":{"start":{"line":36,"column":4},"end":{"line":36,"column":33}},"12":{"start":{"line":37,"column":4},"end":{"line":37,"column":22}},"13":{"start":{"line":38,"column":4},"end":{"line":38,"column":25}},"14":{"start":{"line":40,"column":4},"end":{"line":42,"column":5}},"15":{"start":{"line":41,"column":8},"end":{"line":41,"column":41}},"16":{"start":{"line":43,"column":4},"end":{"line":45,"column":5}},"17":{"start":{"line":44,"column":8},"end":{"line":44,"column":39}},"18":{"start":{"line":46,"column":4},"end":{"line":48,"column":5}},"19":{"start":{"line":47,"column":8},"end":{"line":47,"column":31}},"20":{"start":{"line":51,"column":0},"end":{"line":51,"column":44}},"21":{"start":{"line":53,"column":0},"end":{"line":54,"column":2}},"22":{"start":{"line":56,"column":0},"end":{"line":69,"column":2}},"23":{"start":{"line":57,"column":4},"end":{"line":57,"column":20}},"24":{"start":{"line":59,"column":4},"end":{"line":61,"column":5}},"25":{"start":{"line":60,"column":8},"end":{"line":60,"column":15}},"26":{"start":{"line":63,"column":4},"end":{"line":63,"column":24}},"27":{"start":{"line":64,"column":4},"end":{"line":64,"column":63}},"28":{"start":{"line":66,"column":4},"end":{"line":68,"column":5}},"29":{"start":{"line":67,"column":8},"end":{"line":67,"column":20}},"30":{"start":{"line":71,"column":0},"end":{"line":128,"column":2}},"31":{"start":{"line":72,"column":4},"end":{"line":72,"column":20}},"32":{"start":{"line":74,"column":4},"end":{"line":74,"column":41}},"33":{"start":{"line":75,"column":4},"end":{"line":75,"column":22}},"34":{"start":{"line":77,"column":4},"end":{"line":79,"column":5}},"35":{"start":{"line":78,"column":8},"end":{"line":78,"column":15}},"36":{"start":{"line":81,"column":4},"end":{"line":84,"column":5}},"37":{"start":{"line":82,"column":8},"end":{"line":82,"column":29}},"38":{"start":{"line":83,"column":8},"end":{"line":83,"column":15}},"39":{"start":{"line":86,"column":4},"end":{"line":91,"column":5}},"40":{"start":{"line":87,"column":8},"end":{"line":87,"column":54}},"41":{"start":{"line":88,"column":8},"end":{"line":90,"column":9}},"42":{"start":{"line":89,"column":12},"end":{"line":89,"column":80}},"43":{"start":{"line":93,"column":4},"end":{"line":95,"column":7}},"44":{"start":{"line":97,"column":4},"end":{"line":97,"column":63}},"45":{"start":{"line":99,"column":4},"end":{"line":109,"column":5}},"46":{"start":{"line":100,"column":8},"end":{"line":100,"column":56}},"47":{"start":{"line":101,"column":8},"end":{"line":101,"column":54}},"48":{"start":{"line":102,"column":8},"end":{"line":108,"column":11}},"49":{"start":{"line":111,"column":4},"end":{"line":123,"column":5}},"50":{"start":{"line":112,"column":8},"end":{"line":112,"column":45}},"51":{"start":{"line":113,"column":8},"end":{"line":122,"column":11}},"52":{"start":{"line":114,"column":12},"end":{"line":114,"column":49}},"53":{"start":{"line":115,"column":12},"end":{"line":121,"column":15}},"54":{"start":{"line":125,"column":4},"end":{"line":127,"column":5}},"55":{"start":{"line":126,"column":8},"end":{"line":126,"column":20}},"56":{"start":{"line":130,"column":0},"end":{"line":130,"column":45}},"57":{"start":{"line":132,"column":0},"end":{"line":137,"column":1}},"58":{"start":{"line":133,"column":4},"end":{"line":133,"column":20}},"59":{"start":{"line":134,"column":4},"end":{"line":134,"column":49}},"60":{"start":{"line":135,"column":4},"end":{"line":135,"column":23}},"61":{"start":{"line":136,"column":4},"end":{"line":136,"column":24}},"62":{"start":{"line":139,"column":0},"end":{"line":139,"column":41}},"63":{"start":{"line":141,"column":0},"end":{"line":162,"column":2}},"64":{"start":{"line":142,"column":4},"end":{"line":142,"column":20}},"65":{"start":{"line":144,"column":4},"end":{"line":144,"column":26}},"66":{"start":{"line":145,"column":4},"end":{"line":145,"column":29}},"67":{"start":{"line":146,"column":4},"end":{"line":148,"column":5}},"68":{"start":{"line":147,"column":8},"end":{"line":147,"column":35}},"69":{"start":{"line":149,"column":4},"end":{"line":149,"column":63}},"70":{"start":{"line":151,"column":4},"end":{"line":151,"column":51}},"71":{"start":{"line":152,"column":4},"end":{"line":155,"column":5}},"72":{"start":{"line":153,"column":8},"end":{"line":153,"column":62}},"73":{"start":{"line":154,"column":8},"end":{"line":154,"column":36}},"74":{"start":{"line":157,"column":4},"end":{"line":157,"column":53}},"75":{"start":{"line":158,"column":4},"end":{"line":161,"column":5}},"76":{"start":{"line":159,"column":8},"end":{"line":159,"column":64}},"77":{"start":{"line":160,"column":8},"end":{"line":160,"column":38}},"78":{"start":{"line":164,"column":0},"end":{"line":192,"column":2}},"79":{"start":{"line":165,"column":4},"end":{"line":165,"column":20}},"80":{"start":{"line":167,"column":4},"end":{"line":172,"column":5}},"81":{"start":{"line":168,"column":8},"end":{"line":170,"column":57}},"82":{"start":{"line":171,"column":8},"end":{"line":171,"column":33}},"83":{"start":{"line":174,"column":4},"end":{"line":178,"column":5}},"84":{"start":{"line":175,"column":8},"end":{"line":177,"column":59}},"85":{"start":{"line":180,"column":4},"end":{"line":184,"column":5}},"86":{"start":{"line":181,"column":8},"end":{"line":183,"column":41}},"87":{"start":{"line":186,"column":4},"end":{"line":191,"column":5}},"88":{"start":{"line":187,"column":8},"end":{"line":189,"column":58}},"89":{"start":{"line":190,"column":8},"end":{"line":190,"column":34}},"90":{"start":{"line":194,"column":0},"end":{"line":222,"column":1}},"91":{"start":{"line":195,"column":4},"end":{"line":195,"column":18}},"92":{"start":{"line":197,"column":4},"end":{"line":219,"column":5}},"93":{"start":{"line":198,"column":8},"end":{"line":198,"column":30}},"94":{"start":{"line":200,"column":8},"end":{"line":200,"column":40}},"95":{"start":{"line":201,"column":8},"end":{"line":218,"column":9}},"96":{"start":{"line":202,"column":12},"end":{"line":202,"column":31}},"97":{"start":{"line":203,"column":12},"end":{"line":203,"column":43}},"98":{"start":{"line":205,"column":12},"end":{"line":207,"column":13}},"99":{"start":{"line":206,"column":16},"end":{"line":206,"column":32}},"100":{"start":{"line":209,"column":12},"end":{"line":209,"column":58}},"101":{"start":{"line":210,"column":12},"end":{"line":217,"column":13}},"102":{"start":{"line":211,"column":16},"end":{"line":211,"column":46}},"103":{"start":{"line":212,"column":16},"end":{"line":214,"column":17}},"104":{"start":{"line":213,"column":20},"end":{"line":213,"column":46}},"105":{"start":{"line":216,"column":16},"end":{"line":216,"column":75}},"106":{"start":{"line":221,"column":4},"end":{"line":221,"column":16}},"107":{"start":{"line":224,"column":0},"end":{"line":252,"column":1}},"108":{"start":{"line":225,"column":4},"end":{"line":225,"column":18}},"109":{"start":{"line":227,"column":4},"end":{"line":249,"column":5}},"110":{"start":{"line":228,"column":8},"end":{"line":228,"column":30}},"111":{"start":{"line":230,"column":8},"end":{"line":230,"column":40}},"112":{"start":{"line":231,"column":8},"end":{"line":248,"column":9}},"113":{"start":{"line":232,"column":12},"end":{"line":232,"column":31}},"114":{"start":{"line":233,"column":12},"end":{"line":233,"column":43}},"115":{"start":{"line":235,"column":12},"end":{"line":237,"column":13}},"116":{"start":{"line":236,"column":16},"end":{"line":236,"column":32}},"117":{"start":{"line":239,"column":12},"end":{"line":239,"column":60}},"118":{"start":{"line":240,"column":12},"end":{"line":247,"column":13}},"119":{"start":{"line":241,"column":16},"end":{"line":241,"column":48}},"120":{"start":{"line":242,"column":16},"end":{"line":244,"column":17}},"121":{"start":{"line":243,"column":20},"end":{"line":243,"column":47}},"122":{"start":{"line":246,"column":16},"end":{"line":246,"column":71}},"123":{"start":{"line":251,"column":4},"end":{"line":251,"column":16}},"124":{"start":{"line":255,"column":0},"end":{"line":264,"column":1}},"125":{"start":{"line":256,"column":4},"end":{"line":262,"column":7}},"126":{"start":{"line":257,"column":8},"end":{"line":259,"column":9}},"127":{"start":{"line":258,"column":12},"end":{"line":258,"column":23}},"128":{"start":{"line":261,"column":8},"end":{"line":261,"column":31}},"129":{"start":{"line":263,"column":4},"end":{"line":263,"column":13}},"130":{"start":{"line":266,"column":0},"end":{"line":277,"column":1}},"131":{"start":{"line":267,"column":4},"end":{"line":267,"column":20}},"132":{"start":{"line":268,"column":4},"end":{"line":275,"column":7}},"133":{"start":{"line":269,"column":8},"end":{"line":269,"column":46}},"134":{"start":{"line":270,"column":8},"end":{"line":272,"column":9}},"135":{"start":{"line":271,"column":12},"end":{"line":271,"column":41}},"136":{"start":{"line":274,"column":8},"end":{"line":274,"column":37}},"137":{"start":{"line":276,"column":4},"end":{"line":276,"column":18}},"138":{"start":{"line":279,"column":0},"end":{"line":284,"column":1}},"139":{"start":{"line":280,"column":4},"end":{"line":280,"column":19}},"140":{"start":{"line":281,"column":4},"end":{"line":281,"column":21}},"141":{"start":{"line":282,"column":4},"end":{"line":282,"column":22}},"142":{"start":{"line":283,"column":4},"end":{"line":283,"column":23}},"143":{"start":{"line":286,"column":0},"end":{"line":309,"column":2}},"144":{"start":{"line":287,"column":4},"end":{"line":287,"column":17}},"145":{"start":{"line":288,"column":4},"end":{"line":288,"column":28}},"146":{"start":{"line":290,"column":4},"end":{"line":298,"column":5}},"147":{"start":{"line":291,"column":8},"end":{"line":291,"column":52}},"148":{"start":{"line":293,"column":8},"end":{"line":293,"column":63}},"149":{"start":{"line":294,"column":8},"end":{"line":296,"column":9}},"150":{"start":{"line":295,"column":12},"end":{"line":295,"column":43}},"151":{"start":{"line":297,"column":8},"end":{"line":297,"column":46}},"152":{"start":{"line":300,"column":4},"end":{"line":308,"column":5}},"153":{"start":{"line":301,"column":8},"end":{"line":301,"column":32}},"154":{"start":{"line":303,"column":8},"end":{"line":305,"column":9}},"155":{"start":{"line":304,"column":12},"end":{"line":304,"column":35}},"156":{"start":{"line":307,"column":8},"end":{"line":307,"column":29}}},"branchMap":{"1":{"line":40,"type":"if","locations":[{"start":{"line":40,"column":4},"end":{"line":40,"column":4}},{"start":{"line":40,"column":4},"end":{"line":40,"column":4}}]},"2":{"line":43,"type":"if","locations":[{"start":{"line":43,"column":4},"end":{"line":43,"column":4}},{"start":{"line":43,"column":4},"end":{"line":43,"column":4}}]},"3":{"line":46,"type":"if","locations":[{"start":{"line":46,"column":4},"end":{"line":46,"column":4}},{"start":{"line":46,"column":4},"end":{"line":46,"column":4}}]},"4":{"line":59,"type":"if","locations":[{"start":{"line":59,"column":4},"end":{"line":59,"column":4}},{"start":{"line":59,"column":4},"end":{"line":59,"column":4}}]},"5":{"line":77,"type":"if","locations":[{"start":{"line":77,"column":4},"end":{"line":77,"column":4}},{"start":{"line":77,"column":4},"end":{"line":77,"column":4}}]},"6":{"line":81,"type":"if","locations":[{"start":{"line":81,"column":4},"end":{"line":81,"column":4}},{"start":{"line":81,"column":4},"end":{"line":81,"column":4}}]},"7":{"line":86,"type":"if","locations":[{"start":{"line":86,"column":4},"end":{"line":86,"column":4}},{"start":{"line":86,"column":4},"end":{"line":86,"column":4}}]},"8":{"line":88,"type":"if","locations":[{"start":{"line":88,"column":8},"end":{"line":88,"column":8}},{"start":{"line":88,"column":8},"end":{"line":88,"column":8}}]},"9":{"line":146,"type":"if","locations":[{"start":{"line":146,"column":4},"end":{"line":146,"column":4}},{"start":{"line":146,"column":4},"end":{"line":146,"column":4}}]},"10":{"line":152,"type":"if","locations":[{"start":{"line":152,"column":4},"end":{"line":152,"column":4}},{"start":{"line":152,"column":4},"end":{"line":152,"column":4}}]},"11":{"line":158,"type":"if","locations":[{"start":{"line":158,"column":4},"end":{"line":158,"column":4}},{"start":{"line":158,"column":4},"end":{"line":158,"column":4}}]},"12":{"line":167,"type":"if","locations":[{"start":{"line":167,"column":4},"end":{"line":167,"column":4}},{"start":{"line":167,"column":4},"end":{"line":167,"column":4}}]},"13":{"line":174,"type":"if","locations":[{"start":{"line":174,"column":4},"end":{"line":174,"column":4}},{"start":{"line":174,"column":4},"end":{"line":174,"column":4}}]},"14":{"line":174,"type":"binary-expr","locations":[{"start":{"line":174,"column":8},"end":{"line":174,"column":29}},{"start":{"line":174,"column":33},"end":{"line":174,"column":46}}]},"15":{"line":180,"type":"if","locations":[{"start":{"line":180,"column":4},"end":{"line":180,"column":4}},{"start":{"line":180,"column":4},"end":{"line":180,"column":4}}]},"16":{"line":180,"type":"binary-expr","locations":[{"start":{"line":180,"column":8},"end":{"line":180,"column":29}},{"start":{"line":180,"column":33},"end":{"line":180,"column":43}}]},"17":{"line":186,"type":"if","locations":[{"start":{"line":186,"column":4},"end":{"line":186,"column":4}},{"start":{"line":186,"column":4},"end":{"line":186,"column":4}}]},"18":{"line":205,"type":"if","locations":[{"start":{"line":205,"column":12},"end":{"line":205,"column":12}},{"start":{"line":205,"column":12},"end":{"line":205,"column":12}}]},"19":{"line":212,"type":"if","locations":[{"start":{"line":212,"column":16},"end":{"line":212,"column":16}},{"start":{"line":212,"column":16},"end":{"line":212,"column":16}}]},"20":{"line":235,"type":"if","locations":[{"start":{"line":235,"column":12},"end":{"line":235,"column":12}},{"start":{"line":235,"column":12},"end":{"line":235,"column":12}}]},"21":{"line":242,"type":"if","locations":[{"start":{"line":242,"column":16},"end":{"line":242,"column":16}},{"start":{"line":242,"column":16},"end":{"line":242,"column":16}}]},"22":{"line":257,"type":"if","locations":[{"start":{"line":257,"column":8},"end":{"line":257,"column":8}},{"start":{"line":257,"column":8},"end":{"line":257,"column":8}}]},"23":{"line":270,"type":"if","locations":[{"start":{"line":270,"column":8},"end":{"line":270,"column":8}},{"start":{"line":270,"column":8},"end":{"line":270,"column":8}}]},"24":{"line":290,"type":"if","locations":[{"start":{"line":290,"column":4},"end":{"line":290,"column":4}},{"start":{"line":290,"column":4},"end":{"line":290,"column":4}}]},"25":{"line":294,"type":"if","locations":[{"start":{"line":294,"column":8},"end":{"line":294,"column":8}},{"start":{"line":294,"column":8},"end":{"line":294,"column":8}}]},"26":{"line":300,"type":"if","locations":[{"start":{"line":300,"column":4},"end":{"line":300,"column":4}},{"start":{"line":300,"column":4},"end":{"line":300,"column":4}}]},"27":{"line":303,"type":"if","locations":[{"start":{"line":303,"column":8},"end":{"line":303,"column":8}},{"start":{"line":303,"column":8},"end":{"line":303,"column":8}}]}}}}